[ 2017-08-04T09:09:33+08:00 ] 127.0.0.1 /index.php/admin
INFO: [ app_init ] --START--
INFO: Run Behavior\BuildLiteBehavior [ RunTime:0.000000s ]
INFO: [ app_init ] --END-- [ RunTime:0.000000s ]
INFO: [ app_begin ] --START--
INFO: Run Behavior\ReadHtmlCacheBehavior [ RunTime:0.001000s ]
INFO: [ app_begin ] --END-- [ RunTime:0.001000s ]

[ 2017-08-04T09:09:33+08:00 ] 127.0.0.1 /index.php/Admin/login/login.html
INFO: [ app_init ] --START--
INFO: Run Behavior\BuildLiteBehavior [ RunTime:0.000000s ]
INFO: [ app_init ] --END-- [ RunTime:0.000000s ]
INFO: [ app_begin ] --START--
INFO: Run Behavior\ReadHtmlCacheBehavior [ RunTime:0.000000s ]
INFO: [ app_begin ] --END-- [ RunTime:0.000000s ]
INFO: [ view_parse ] --START--
INFO: [ template_filter ] --START--
INFO: Run Behavior\ContentReplaceBehavior [ RunTime:0.001000s ]
INFO: [ template_filter ] --END-- [ RunTime:0.001000s ]
INFO: Run Behavior\ParseTemplateBehavior [ RunTime:0.014001s ]
INFO: [ view_parse ] --END-- [ RunTime:0.014001s ]
INFO: [ view_filter ] --START--
INFO: Run Behavior\WriteHtmlCacheBehavior [ RunTime:0.000000s ]
INFO: [ view_filter ] --END-- [ RunTime:0.000000s ]
INFO: [ app_end ] --START--
INFO: Run Behavior\ShowPageTraceBehavior [ RunTime:0.001000s ]
INFO: [ app_end ] --END-- [ RunTime:0.001000s ]

[ 2017-08-04T09:09:40+08:00 ] 127.0.0.1 /index.php/Admin/Login/login
INFO: [ app_init ] --START--
INFO: Run Behavior\BuildLiteBehavior [ RunTime:0.000000s ]
INFO: [ app_init ] --END-- [ RunTime:0.001000s ]
INFO: [ app_begin ] --START--
INFO: Run Behavior\ReadHtmlCacheBehavior [ RunTime:0.001000s ]
INFO: [ app_begin ] --END-- [ RunTime:0.001000s ]
SQL: SHOW COLUMNS FROM `zcxy_admin` [ RunTime:0.0490s ]
SQL: SELECT * FROM `zcxy_admin` WHERE ( adminusername='webadmin' and password='webadmin' ) LIMIT 1   [ RunTime:0.0010s ]
SQL: UPDATE `zcxy_admin` SET `lastlogin`='2017-08-04 09:09:40',`lastip`='127.0.0.1',`logintime`='56' WHERE ( adminusername='webadmin' and password='webadmin' ) [ RunTime:0.0010s ]
INFO: [ app_end ] --START--
INFO: Run Behavior\ShowPageTraceBehavior [ RunTime:0.001000s ]
INFO: [ app_end ] --END-- [ RunTime:0.001000s ]

[ 2017-08-04T09:09:40+08:00 ] 127.0.0.1 /index.php/Admin/Index/index
INFO: [ app_init ] --START--
INFO: Run Behavior\BuildLiteBehavior [ RunTime:0.000000s ]
INFO: [ app_init ] --END-- [ RunTime:0.001000s ]
INFO: [ app_begin ] --START--
INFO: Run Behavior\ReadHtmlCacheBehavior [ RunTime:0.000000s ]
INFO: [ app_begin ] --END-- [ RunTime:0.000000s ]
INFO: [ view_parse ] --START--
INFO: [ template_filter ] --START--
INFO: Run Behavior\ContentReplaceBehavior [ RunTime:0.000000s ]
INFO: [ template_filter ] --END-- [ RunTime:0.000000s ]
INFO: Run Behavior\ParseTemplateBehavior [ RunTime:0.024001s ]
INFO: [ view_parse ] --END-- [ RunTime:0.024001s ]
INFO: [ view_filter ] --START--
INFO: Run Behavior\WriteHtmlCacheBehavior [ RunTime:0.001000s ]
INFO: [ view_filter ] --END-- [ RunTime:0.001000s ]
INFO: [ app_end ] --START--
INFO: Run Behavior\ShowPageTraceBehavior [ RunTime:0.000000s ]
INFO: [ app_end ] --END-- [ RunTime:0.001000s ]

[ 2017-08-04T09:09:40+08:00 ] 127.0.0.1 /index.php/Admin/Index/welcome
INFO: [ app_init ] --START--
INFO: Run Behavior\BuildLiteBehavior [ RunTime:0.000000s ]
INFO: [ app_init ] --END-- [ RunTime:0.001000s ]
INFO: [ app_begin ] --START--
INFO: Run Behavior\ReadHtmlCacheBehavior [ RunTime:0.001000s ]
INFO: [ app_begin ] --END-- [ RunTime:0.001000s ]
INFO: [ view_parse ] --START--
INFO: [ template_filter ] --START--
INFO: Run Behavior\ContentReplaceBehavior [ RunTime:0.000000s ]
INFO: [ template_filter ] --END-- [ RunTime:0.000000s ]
INFO: Run Behavior\ParseTemplateBehavior [ RunTime:0.020001s ]
INFO: [ view_parse ] --END-- [ RunTime:0.020001s ]
INFO: [ view_filter ] --START--
INFO: Run Behavior\WriteHtmlCacheBehavior [ RunTime:0.000000s ]
INFO: [ view_filter ] --END-- [ RunTime:0.000000s ]
INFO: [ app_end ] --START--
INFO: Run Behavior\ShowPageTraceBehavior [ RunTime:0.001000s ]
INFO: [ app_end ] --END-- [ RunTime:0.001000s ]

[ 2017-08-04T09:09:43+08:00 ] 127.0.0.1 /index.php/Admin/Case/articleList
INFO: [ app_init ] --START--
INFO: Run Behavior\BuildLiteBehavior [ RunTime:0.000000s ]
INFO: [ app_init ] --END-- [ RunTime:0.001000s ]
INFO: [ app_begin ] --START--
INFO: Run Behavior\ReadHtmlCacheBehavior [ RunTime:0.001000s ]
INFO: [ app_begin ] --END-- [ RunTime:0.001000s ]
SQL: SHOW COLUMNS FROM `zcxy_case` [ RunTime:0.0260s ]
SQL: SELECT `caid`,`title`,`position`,`status`,`speaker`,`from`,`time` FROM `zcxy_case` ORDER BY orderid desc  [ RunTime:0.0250s ]
INFO: [ view_parse ] --START--
INFO: [ template_filter ] --START--
INFO: Run Behavior\ContentReplaceBehavior [ RunTime:0.000000s ]
INFO: [ template_filter ] --END-- [ RunTime:0.000000s ]
NOTIC: [8] Undefined variable: v1 D:\xampp\htdocs\ZCXYCode\Runtime\Cache\Admin\7bda2456dc36b1c8770ebf5baeaafff5.php 第 55 行.
NOTIC: [8] Undefined variable: v1 D:\xampp\htdocs\ZCXYCode\Runtime\Cache\Admin\7bda2456dc36b1c8770ebf5baeaafff5.php 第 55 行.
NOTIC: [8] Undefined variable: v1 D:\xampp\htdocs\ZCXYCode\Runtime\Cache\Admin\7bda2456dc36b1c8770ebf5baeaafff5.php 第 55 行.
NOTIC: [8] Undefined variable: v1 D:\xampp\htdocs\ZCXYCode\Runtime\Cache\Admin\7bda2456dc36b1c8770ebf5baeaafff5.php 第 55 行.
NOTIC: [8] Undefined variable: v1 D:\xampp\htdocs\ZCXYCode\Runtime\Cache\Admin\7bda2456dc36b1c8770ebf5baeaafff5.php 第 55 行.
NOTIC: [8] Undefined variable: v1 D:\xampp\htdocs\ZCXYCode\Runtime\Cache\Admin\7bda2456dc36b1c8770ebf5baeaafff5.php 第 55 行.
NOTIC: [8] Undefined variable: v1 D:\xampp\htdocs\ZCXYCode\Runtime\Cache\Admin\7bda2456dc36b1c8770ebf5baeaafff5.php 第 55 行.
NOTIC: [8] Undefined variable: v1 D:\xampp\htdocs\ZCXYCode\Runtime\Cache\Admin\7bda2456dc36b1c8770ebf5baeaafff5.php 第 55 行.
NOTIC: [8] Undefined variable: v1 D:\xampp\htdocs\ZCXYCode\Runtime\Cache\Admin\7bda2456dc36b1c8770ebf5baeaafff5.php 第 55 行.
NOTIC: [8] Undefined variable: v1 D:\xampp\htdocs\ZCXYCode\Runtime\Cache\Admin\7bda2456dc36b1c8770ebf5baeaafff5.php 第 55 行.
NOTIC: [8] Undefined variable: v1 D:\xampp\htdocs\ZCXYCode\Runtime\Cache\Admin\7bda2456dc36b1c8770ebf5baeaafff5.php 第 55 行.
NOTIC: [8] Undefined variable: v1 D:\xampp\htdocs\ZCXYCode\Runtime\Cache\Admin\7bda2456dc36b1c8770ebf5baeaafff5.php 第 55 行.
NOTIC: [8] Undefined variable: v1 D:\xampp\htdocs\ZCXYCode\Runtime\Cache\Admin\7bda2456dc36b1c8770ebf5baeaafff5.php 第 55 行.
NOTIC: [8] Undefined variable: v1 D:\xampp\htdocs\ZCXYCode\Runtime\Cache\Admin\7bda2456dc36b1c8770ebf5baeaafff5.php 第 55 行.
NOTIC: [8] Undefined variable: v1 D:\xampp\htdocs\ZCXYCode\Runtime\Cache\Admin\7bda2456dc36b1c8770ebf5baeaafff5.php 第 55 行.
NOTIC: [8] Undefined variable: v1 D:\xampp\htdocs\ZCXYCode\Runtime\Cache\Admin\7bda2456dc36b1c8770ebf5baeaafff5.php 第 55 行.
NOTIC: [8] Undefined variable: v1 D:\xampp\htdocs\ZCXYCode\Runtime\Cache\Admin\7bda2456dc36b1c8770ebf5baeaafff5.php 第 55 行.
NOTIC: [8] Undefined variable: v1 D:\xampp\htdocs\ZCXYCode\Runtime\Cache\Admin\7bda2456dc36b1c8770ebf5baeaafff5.php 第 55 行.
INFO: Run Behavior\ParseTemplateBehavior [ RunTime:0.022001s ]
INFO: [ view_parse ] --END-- [ RunTime:0.022001s ]
INFO: [ view_filter ] --START--
INFO: Run Behavior\WriteHtmlCacheBehavior [ RunTime:0.000000s ]
INFO: [ view_filter ] --END-- [ RunTime:0.001000s ]
INFO: [ app_end ] --START--
INFO: Run Behavior\ShowPageTraceBehavior [ RunTime:0.000000s ]
INFO: [ app_end ] --END-- [ RunTime:0.000000s ]

[ 2017-08-04T09:09:59+08:00 ] 127.0.0.1 /index.php/Admin/Case/orderMember?caid=18&oper=MoveDown&pnid=20
INFO: [ app_init ] --START--
INFO: Run Behavior\BuildLiteBehavior [ RunTime:0.000000s ]
INFO: [ app_init ] --END-- [ RunTime:0.000000s ]
INFO: [ app_begin ] --START--
INFO: Run Behavior\ReadHtmlCacheBehavior [ RunTime:0.001000s ]
INFO: [ app_begin ] --END-- [ RunTime:0.001000s ]
SQL: SHOW COLUMNS FROM `zcxy_case` [ RunTime:0.0156s ]
SQL: SELECT `orderid` FROM `zcxy_case` WHERE ( caid=20 ) LIMIT 1   [ RunTime:0.0000s ]
SQL: SELECT `orderid` FROM `zcxy_case` WHERE ( caid=18 ) LIMIT 1   [ RunTime:0.0000s ]
SQL: UPDATE `zcxy_case` SET `orderid`='17' WHERE ( caid=18 ) [ RunTime:0.0000s ]
SQL: UPDATE `zcxy_case` SET `orderid`='18' WHERE ( caid=20 ) [ RunTime:0.0000s ]
INFO: [ app_end ] --START--
INFO: Run Behavior\ShowPageTraceBehavior [ RunTime:0.000000s ]
INFO: [ app_end ] --END-- [ RunTime:0.000000s ]

[ 2017-08-04T09:10:13+08:00 ] 127.0.0.1 /index.php/Admin/Case/orderMember?caid=17&oper=MoveUp&pnid=18
INFO: [ app_init ] --START--
INFO: Run Behavior\BuildLiteBehavior [ RunTime:0.000000s ]
INFO: [ app_init ] --END-- [ RunTime:0.000000s ]
INFO: [ app_begin ] --START--
INFO: Run Behavior\ReadHtmlCacheBehavior [ RunTime:0.000000s ]
INFO: [ app_begin ] --END-- [ RunTime:0.000000s ]
SQL: SHOW COLUMNS FROM `zcxy_case` [ RunTime:0.0156s ]
SQL: SELECT `orderid` FROM `zcxy_case` WHERE ( caid=18 ) LIMIT 1   [ RunTime:0.0000s ]
SQL: SELECT `orderid` FROM `zcxy_case` WHERE ( caid=17 ) LIMIT 1   [ RunTime:0.0000s ]
SQL: UPDATE `zcxy_case` SET `orderid`='17' WHERE ( caid=17 ) [ RunTime:0.0000s ]
SQL: UPDATE `zcxy_case` SET `orderid`='16' WHERE ( caid=18 ) [ RunTime:0.0000s ]
INFO: [ app_end ] --START--
INFO: Run Behavior\ShowPageTraceBehavior [ RunTime:0.000000s ]
INFO: [ app_end ] --END-- [ RunTime:0.000000s ]

[ 2017-08-04T09:30:17+08:00 ] 127.0.0.1 /index.php/Admin/Case/articleList
INFO: [ app_init ] --START--
INFO: Run Behavior\BuildLiteBehavior [ RunTime:0.000000s ]
INFO: [ app_init ] --END-- [ RunTime:0.000000s ]
INFO: [ app_begin ] --START--
INFO: Run Behavior\ReadHtmlCacheBehavior [ RunTime:0.000000s ]
INFO: [ app_begin ] --END-- [ RunTime:0.000000s ]
SQL: SHOW COLUMNS FROM `zcxy_case` [ RunTime:0.0040s ]
SQL: SELECT `caid`,`title`,`position`,`status`,`speaker`,`from`,`time` FROM `zcxy_case` ORDER BY orderid desc  [ RunTime:0.0010s ]
INFO: [ view_parse ] --START--
INFO: [ template_filter ] --START--
INFO: Run Behavior\ContentReplaceBehavior [ RunTime:0.000000s ]
INFO: [ template_filter ] --END-- [ RunTime:0.001000s ]
NOTIC: [8] Undefined variable: v1 D:\xampp\htdocs\ZCXYCode\Runtime\Cache\Admin\7bda2456dc36b1c8770ebf5baeaafff5.php 第 55 行.
NOTIC: [8] Undefined variable: v1 D:\xampp\htdocs\ZCXYCode\Runtime\Cache\Admin\7bda2456dc36b1c8770ebf5baeaafff5.php 第 55 行.
NOTIC: [8] Undefined variable: v1 D:\xampp\htdocs\ZCXYCode\Runtime\Cache\Admin\7bda2456dc36b1c8770ebf5baeaafff5.php 第 55 行.
NOTIC: [8] Undefined variable: v1 D:\xampp\htdocs\ZCXYCode\Runtime\Cache\Admin\7bda2456dc36b1c8770ebf5baeaafff5.php 第 55 行.
NOTIC: [8] Undefined variable: v1 D:\xampp\htdocs\ZCXYCode\Runtime\Cache\Admin\7bda2456dc36b1c8770ebf5baeaafff5.php 第 55 行.
NOTIC: [8] Undefined variable: v1 D:\xampp\htdocs\ZCXYCode\Runtime\Cache\Admin\7bda2456dc36b1c8770ebf5baeaafff5.php 第 55 行.
NOTIC: [8] Undefined variable: v1 D:\xampp\htdocs\ZCXYCode\Runtime\Cache\Admin\7bda2456dc36b1c8770ebf5baeaafff5.php 第 55 行.
NOTIC: [8] Undefined variable: v1 D:\xampp\htdocs\ZCXYCode\Runtime\Cache\Admin\7bda2456dc36b1c8770ebf5baeaafff5.php 第 55 行.
NOTIC: [8] Undefined variable: v1 D:\xampp\htdocs\ZCXYCode\Runtime\Cache\Admin\7bda2456dc36b1c8770ebf5baeaafff5.php 第 55 行.
NOTIC: [8] Undefined variable: v1 D:\xampp\htdocs\ZCXYCode\Runtime\Cache\Admin\7bda2456dc36b1c8770ebf5baeaafff5.php 第 55 行.
NOTIC: [8] Undefined variable: v1 D:\xampp\htdocs\ZCXYCode\Runtime\Cache\Admin\7bda2456dc36b1c8770ebf5baeaafff5.php 第 55 行.
NOTIC: [8] Undefined variable: v1 D:\xampp\htdocs\ZCXYCode\Runtime\Cache\Admin\7bda2456dc36b1c8770ebf5baeaafff5.php 第 55 行.
NOTIC: [8] Undefined variable: v1 D:\xampp\htdocs\ZCXYCode\Runtime\Cache\Admin\7bda2456dc36b1c8770ebf5baeaafff5.php 第 55 行.
NOTIC: [8] Undefined variable: v1 D:\xampp\htdocs\ZCXYCode\Runtime\Cache\Admin\7bda2456dc36b1c8770ebf5baeaafff5.php 第 55 行.
NOTIC: [8] Undefined variable: v1 D:\xampp\htdocs\ZCXYCode\Runtime\Cache\Admin\7bda2456dc36b1c8770ebf5baeaafff5.php 第 55 行.
NOTIC: [8] Undefined variable: v1 D:\xampp\htdocs\ZCXYCode\Runtime\Cache\Admin\7bda2456dc36b1c8770ebf5baeaafff5.php 第 55 行.
NOTIC: [8] Undefined variable: v1 D:\xampp\htdocs\ZCXYCode\Runtime\Cache\Admin\7bda2456dc36b1c8770ebf5baeaafff5.php 第 55 行.
NOTIC: [8] Undefined variable: v1 D:\xampp\htdocs\ZCXYCode\Runtime\Cache\Admin\7bda2456dc36b1c8770ebf5baeaafff5.php 第 55 行.
INFO: Run Behavior\ParseTemplateBehavior [ RunTime:0.011001s ]
INFO: [ view_parse ] --END-- [ RunTime:0.011001s ]
INFO: [ view_filter ] --START--
INFO: Run Behavior\WriteHtmlCacheBehavior [ RunTime:0.000000s ]
INFO: [ view_filter ] --END-- [ RunTime:0.000000s ]
INFO: [ app_end ] --START--
INFO: Run Behavior\ShowPageTraceBehavior [ RunTime:0.000000s ]
INFO: [ app_end ] --END-- [ RunTime:0.000000s ]

