[ 2017-09-21T16:12:17+08:00 ] 127.0.0.1 /index.php/admin
INFO: [ app_init ] --START--
INFO: Run Behavior\BuildLiteBehavior [ RunTime:0.000000s ]
INFO: [ app_init ] --END-- [ RunTime:0.001000s ]
INFO: [ app_begin ] --START--
INFO: Run Behavior\ReadHtmlCacheBehavior [ RunTime:0.001000s ]
INFO: [ app_begin ] --END-- [ RunTime:0.001000s ]

[ 2017-09-21T16:12:17+08:00 ] 127.0.0.1 /index.php/Admin/login/login.html
INFO: [ app_init ] --START--
INFO: Run Behavior\BuildLiteBehavior [ RunTime:0.000000s ]
INFO: [ app_init ] --END-- [ RunTime:0.000000s ]
INFO: [ app_begin ] --START--
INFO: Run Behavior\ReadHtmlCacheBehavior [ RunTime:0.001000s ]
INFO: [ app_begin ] --END-- [ RunTime:0.001000s ]
INFO: [ view_parse ] --START--
INFO: [ template_filter ] --START--
INFO: Run Behavior\ContentReplaceBehavior [ RunTime:0.000000s ]
INFO: [ template_filter ] --END-- [ RunTime:0.000000s ]
INFO: Run Behavior\ParseTemplateBehavior [ RunTime:0.037002s ]
INFO: [ view_parse ] --END-- [ RunTime:0.037002s ]
INFO: [ view_filter ] --START--
INFO: Run Behavior\WriteHtmlCacheBehavior [ RunTime:0.007001s ]
INFO: [ view_filter ] --END-- [ RunTime:0.007001s ]
INFO: [ app_end ] --START--
INFO: Run Behavior\ShowPageTraceBehavior [ RunTime:0.001000s ]
INFO: [ app_end ] --END-- [ RunTime:0.001000s ]

[ 2017-09-21T16:12:25+08:00 ] 127.0.0.1 /index.php/Admin/Login/login
INFO: [ app_init ] --START--
INFO: Run Behavior\BuildLiteBehavior [ RunTime:0.000000s ]
INFO: [ app_init ] --END-- [ RunTime:0.001000s ]
INFO: [ app_begin ] --START--
INFO: Run Behavior\ReadHtmlCacheBehavior [ RunTime:0.001000s ]
INFO: [ app_begin ] --END-- [ RunTime:0.001000s ]
SQL: SHOW COLUMNS FROM `zcxy_admin` [ RunTime:0.0170s ]
SQL: SELECT * FROM `zcxy_admin` WHERE ( adminusername='webadmin' and password='webadmin' ) LIMIT 1   [ RunTime:0.0010s ]
SQL: UPDATE `zcxy_admin` SET `lastlogin`='2017-09-21 16:12:25',`lastip`='127.0.0.1',`logintime`='60' WHERE ( adminusername='webadmin' and password='webadmin' ) [ RunTime:0.0000s ]
INFO: [ app_end ] --START--
INFO: Run Behavior\ShowPageTraceBehavior [ RunTime:0.001000s ]
INFO: [ app_end ] --END-- [ RunTime:0.001000s ]

[ 2017-09-21T16:12:25+08:00 ] 127.0.0.1 /index.php/Admin/Index/index
INFO: [ app_init ] --START--
INFO: Run Behavior\BuildLiteBehavior [ RunTime:0.000000s ]
INFO: [ app_init ] --END-- [ RunTime:0.001000s ]
INFO: [ app_begin ] --START--
INFO: Run Behavior\ReadHtmlCacheBehavior [ RunTime:0.001000s ]
INFO: [ app_begin ] --END-- [ RunTime:0.001000s ]
INFO: [ view_parse ] --START--
INFO: [ template_filter ] --START--
INFO: Run Behavior\ContentReplaceBehavior [ RunTime:0.000000s ]
INFO: [ template_filter ] --END-- [ RunTime:0.000000s ]
INFO: Run Behavior\ParseTemplateBehavior [ RunTime:0.021002s ]
INFO: [ view_parse ] --END-- [ RunTime:0.021002s ]
INFO: [ view_filter ] --START--
INFO: Run Behavior\WriteHtmlCacheBehavior [ RunTime:0.001000s ]
INFO: [ view_filter ] --END-- [ RunTime:0.001000s ]
INFO: [ app_end ] --START--
INFO: Run Behavior\ShowPageTraceBehavior [ RunTime:0.001000s ]
INFO: [ app_end ] --END-- [ RunTime:0.001000s ]

[ 2017-09-21T16:12:25+08:00 ] 127.0.0.1 /index.php/Admin/Index/welcome
INFO: [ app_init ] --START--
INFO: Run Behavior\BuildLiteBehavior [ RunTime:0.000000s ]
INFO: [ app_init ] --END-- [ RunTime:0.000000s ]
INFO: [ app_begin ] --START--
INFO: Run Behavior\ReadHtmlCacheBehavior [ RunTime:0.001000s ]
INFO: [ app_begin ] --END-- [ RunTime:0.001000s ]
INFO: [ view_parse ] --START--
INFO: [ template_filter ] --START--
INFO: Run Behavior\ContentReplaceBehavior [ RunTime:0.000000s ]
INFO: [ template_filter ] --END-- [ RunTime:0.000000s ]
INFO: Run Behavior\ParseTemplateBehavior [ RunTime:0.039002s ]
INFO: [ view_parse ] --END-- [ RunTime:0.039002s ]
INFO: [ view_filter ] --START--
INFO: Run Behavior\WriteHtmlCacheBehavior [ RunTime:0.001000s ]
INFO: [ view_filter ] --END-- [ RunTime:0.001000s ]
INFO: [ app_end ] --START--
INFO: Run Behavior\ShowPageTraceBehavior [ RunTime:0.001000s ]
INFO: [ app_end ] --END-- [ RunTime:0.001000s ]

[ 2017-09-21T16:12:27+08:00 ] 127.0.0.1 /index.php/Admin/View/articleList
INFO: [ app_init ] --START--
INFO: Run Behavior\BuildLiteBehavior [ RunTime:0.000000s ]
INFO: [ app_init ] --END-- [ RunTime:0.001000s ]
INFO: [ app_begin ] --START--
INFO: Run Behavior\ReadHtmlCacheBehavior [ RunTime:0.000000s ]
INFO: [ app_begin ] --END-- [ RunTime:0.001000s ]
SQL: SHOW COLUMNS FROM `zcxy_view` [ RunTime:0.0070s ]
SQL: SELECT `vied`,`title`,`class`,`status`,`author`,`from`,`time` FROM `zcxy_view` ORDER BY orderid desc  [ RunTime:0.0020s ]
INFO: [ view_parse ] --START--
INFO: [ template_filter ] --START--
INFO: Run Behavior\ContentReplaceBehavior [ RunTime:0.000000s ]
INFO: [ template_filter ] --END-- [ RunTime:0.000000s ]
NOTIC: [8] Undefined variable: v1 D:\xampp\htdocs\ZCXYCode\Runtime\Cache\Admin\4ee8865a10eb27aebe823c0f196ed6ef.php 第 55 行.
NOTIC: [8] Undefined variable: v1 D:\xampp\htdocs\ZCXYCode\Runtime\Cache\Admin\4ee8865a10eb27aebe823c0f196ed6ef.php 第 55 行.
NOTIC: [8] Undefined variable: v1 D:\xampp\htdocs\ZCXYCode\Runtime\Cache\Admin\4ee8865a10eb27aebe823c0f196ed6ef.php 第 55 行.
NOTIC: [8] Undefined variable: v1 D:\xampp\htdocs\ZCXYCode\Runtime\Cache\Admin\4ee8865a10eb27aebe823c0f196ed6ef.php 第 55 行.
NOTIC: [8] Undefined variable: v1 D:\xampp\htdocs\ZCXYCode\Runtime\Cache\Admin\4ee8865a10eb27aebe823c0f196ed6ef.php 第 55 行.
NOTIC: [8] Undefined variable: v1 D:\xampp\htdocs\ZCXYCode\Runtime\Cache\Admin\4ee8865a10eb27aebe823c0f196ed6ef.php 第 55 行.
NOTIC: [8] Undefined variable: v1 D:\xampp\htdocs\ZCXYCode\Runtime\Cache\Admin\4ee8865a10eb27aebe823c0f196ed6ef.php 第 55 行.
NOTIC: [8] Undefined variable: v1 D:\xampp\htdocs\ZCXYCode\Runtime\Cache\Admin\4ee8865a10eb27aebe823c0f196ed6ef.php 第 55 行.
NOTIC: [8] Undefined variable: v1 D:\xampp\htdocs\ZCXYCode\Runtime\Cache\Admin\4ee8865a10eb27aebe823c0f196ed6ef.php 第 55 行.
NOTIC: [8] Undefined variable: v1 D:\xampp\htdocs\ZCXYCode\Runtime\Cache\Admin\4ee8865a10eb27aebe823c0f196ed6ef.php 第 55 行.
NOTIC: [8] Undefined variable: v1 D:\xampp\htdocs\ZCXYCode\Runtime\Cache\Admin\4ee8865a10eb27aebe823c0f196ed6ef.php 第 55 行.
NOTIC: [8] Undefined variable: v1 D:\xampp\htdocs\ZCXYCode\Runtime\Cache\Admin\4ee8865a10eb27aebe823c0f196ed6ef.php 第 55 行.
NOTIC: [8] Undefined variable: v1 D:\xampp\htdocs\ZCXYCode\Runtime\Cache\Admin\4ee8865a10eb27aebe823c0f196ed6ef.php 第 55 行.
NOTIC: [8] Undefined variable: v1 D:\xampp\htdocs\ZCXYCode\Runtime\Cache\Admin\4ee8865a10eb27aebe823c0f196ed6ef.php 第 55 行.
NOTIC: [8] Undefined variable: v1 D:\xampp\htdocs\ZCXYCode\Runtime\Cache\Admin\4ee8865a10eb27aebe823c0f196ed6ef.php 第 55 行.
NOTIC: [8] Undefined variable: v1 D:\xampp\htdocs\ZCXYCode\Runtime\Cache\Admin\4ee8865a10eb27aebe823c0f196ed6ef.php 第 55 行.
NOTIC: [8] Undefined variable: v1 D:\xampp\htdocs\ZCXYCode\Runtime\Cache\Admin\4ee8865a10eb27aebe823c0f196ed6ef.php 第 55 行.
NOTIC: [8] Undefined variable: v1 D:\xampp\htdocs\ZCXYCode\Runtime\Cache\Admin\4ee8865a10eb27aebe823c0f196ed6ef.php 第 55 行.
NOTIC: [8] Undefined variable: v1 D:\xampp\htdocs\ZCXYCode\Runtime\Cache\Admin\4ee8865a10eb27aebe823c0f196ed6ef.php 第 55 行.
NOTIC: [8] Undefined variable: v1 D:\xampp\htdocs\ZCXYCode\Runtime\Cache\Admin\4ee8865a10eb27aebe823c0f196ed6ef.php 第 55 行.
NOTIC: [8] Undefined variable: v1 D:\xampp\htdocs\ZCXYCode\Runtime\Cache\Admin\4ee8865a10eb27aebe823c0f196ed6ef.php 第 55 行.
NOTIC: [8] Undefined variable: v1 D:\xampp\htdocs\ZCXYCode\Runtime\Cache\Admin\4ee8865a10eb27aebe823c0f196ed6ef.php 第 55 行.
NOTIC: [8] Undefined variable: v1 D:\xampp\htdocs\ZCXYCode\Runtime\Cache\Admin\4ee8865a10eb27aebe823c0f196ed6ef.php 第 55 行.
NOTIC: [8] Undefined variable: v1 D:\xampp\htdocs\ZCXYCode\Runtime\Cache\Admin\4ee8865a10eb27aebe823c0f196ed6ef.php 第 55 行.
NOTIC: [8] Undefined variable: v1 D:\xampp\htdocs\ZCXYCode\Runtime\Cache\Admin\4ee8865a10eb27aebe823c0f196ed6ef.php 第 55 行.
NOTIC: [8] Undefined variable: v1 D:\xampp\htdocs\ZCXYCode\Runtime\Cache\Admin\4ee8865a10eb27aebe823c0f196ed6ef.php 第 55 行.
NOTIC: [8] Undefined variable: v1 D:\xampp\htdocs\ZCXYCode\Runtime\Cache\Admin\4ee8865a10eb27aebe823c0f196ed6ef.php 第 55 行.
NOTIC: [8] Undefined variable: v1 D:\xampp\htdocs\ZCXYCode\Runtime\Cache\Admin\4ee8865a10eb27aebe823c0f196ed6ef.php 第 55 行.
NOTIC: [8] Undefined variable: v1 D:\xampp\htdocs\ZCXYCode\Runtime\Cache\Admin\4ee8865a10eb27aebe823c0f196ed6ef.php 第 55 行.
NOTIC: [8] Undefined variable: v1 D:\xampp\htdocs\ZCXYCode\Runtime\Cache\Admin\4ee8865a10eb27aebe823c0f196ed6ef.php 第 55 行.
INFO: Run Behavior\ParseTemplateBehavior [ RunTime:0.025001s ]
INFO: [ view_parse ] --END-- [ RunTime:0.025001s ]
INFO: [ view_filter ] --START--
INFO: Run Behavior\WriteHtmlCacheBehavior [ RunTime:0.001000s ]
INFO: [ view_filter ] --END-- [ RunTime:0.001000s ]
INFO: [ app_end ] --START--
INFO: Run Behavior\ShowPageTraceBehavior [ RunTime:0.001000s ]
INFO: [ app_end ] --END-- [ RunTime:0.001000s ]

[ 2017-09-21T16:12:31+08:00 ] 127.0.0.1 /index.php/Admin/View/startStopArticle?vied=35&status=0
INFO: [ app_init ] --START--
INFO: Run Behavior\BuildLiteBehavior [ RunTime:0.000000s ]
INFO: [ app_init ] --END-- [ RunTime:0.000000s ]
INFO: [ app_begin ] --START--
INFO: Run Behavior\ReadHtmlCacheBehavior [ RunTime:0.001000s ]
INFO: [ app_begin ] --END-- [ RunTime:0.001000s ]
SQL: SHOW COLUMNS FROM `zcxy_view` [ RunTime:0.0050s ]
SQL: UPDATE `zcxy_view` SET `status`='0' WHERE ( vied=35 ) [ RunTime:0.0000s ]
INFO: [ app_end ] --START--
INFO: Run Behavior\ShowPageTraceBehavior [ RunTime:0.001000s ]
INFO: [ app_end ] --END-- [ RunTime:0.001000s ]

[ 2017-09-21T16:12:34+08:00 ] 127.0.0.1 /index.php/Admin/View/articleList
INFO: [ app_init ] --START--
INFO: Run Behavior\BuildLiteBehavior [ RunTime:0.000000s ]
INFO: [ app_init ] --END-- [ RunTime:0.001000s ]
INFO: [ app_begin ] --START--
INFO: Run Behavior\ReadHtmlCacheBehavior [ RunTime:0.000000s ]
INFO: [ app_begin ] --END-- [ RunTime:0.000000s ]
SQL: SHOW COLUMNS FROM `zcxy_view` [ RunTime:0.0060s ]
SQL: SELECT `vied`,`title`,`class`,`status`,`author`,`from`,`time` FROM `zcxy_view` ORDER BY orderid desc  [ RunTime:0.0010s ]
INFO: [ view_parse ] --START--
INFO: [ template_filter ] --START--
INFO: Run Behavior\ContentReplaceBehavior [ RunTime:0.000000s ]
INFO: [ template_filter ] --END-- [ RunTime:0.000000s ]
NOTIC: [8] Undefined variable: v1 D:\xampp\htdocs\ZCXYCode\Runtime\Cache\Admin\4ee8865a10eb27aebe823c0f196ed6ef.php 第 55 行.
NOTIC: [8] Undefined variable: v1 D:\xampp\htdocs\ZCXYCode\Runtime\Cache\Admin\4ee8865a10eb27aebe823c0f196ed6ef.php 第 55 行.
NOTIC: [8] Undefined variable: v1 D:\xampp\htdocs\ZCXYCode\Runtime\Cache\Admin\4ee8865a10eb27aebe823c0f196ed6ef.php 第 55 行.
NOTIC: [8] Undefined variable: v1 D:\xampp\htdocs\ZCXYCode\Runtime\Cache\Admin\4ee8865a10eb27aebe823c0f196ed6ef.php 第 55 行.
NOTIC: [8] Undefined variable: v1 D:\xampp\htdocs\ZCXYCode\Runtime\Cache\Admin\4ee8865a10eb27aebe823c0f196ed6ef.php 第 55 行.
NOTIC: [8] Undefined variable: v1 D:\xampp\htdocs\ZCXYCode\Runtime\Cache\Admin\4ee8865a10eb27aebe823c0f196ed6ef.php 第 55 行.
NOTIC: [8] Undefined variable: v1 D:\xampp\htdocs\ZCXYCode\Runtime\Cache\Admin\4ee8865a10eb27aebe823c0f196ed6ef.php 第 55 行.
NOTIC: [8] Undefined variable: v1 D:\xampp\htdocs\ZCXYCode\Runtime\Cache\Admin\4ee8865a10eb27aebe823c0f196ed6ef.php 第 55 行.
NOTIC: [8] Undefined variable: v1 D:\xampp\htdocs\ZCXYCode\Runtime\Cache\Admin\4ee8865a10eb27aebe823c0f196ed6ef.php 第 55 行.
NOTIC: [8] Undefined variable: v1 D:\xampp\htdocs\ZCXYCode\Runtime\Cache\Admin\4ee8865a10eb27aebe823c0f196ed6ef.php 第 55 行.
NOTIC: [8] Undefined variable: v1 D:\xampp\htdocs\ZCXYCode\Runtime\Cache\Admin\4ee8865a10eb27aebe823c0f196ed6ef.php 第 55 行.
NOTIC: [8] Undefined variable: v1 D:\xampp\htdocs\ZCXYCode\Runtime\Cache\Admin\4ee8865a10eb27aebe823c0f196ed6ef.php 第 55 行.
NOTIC: [8] Undefined variable: v1 D:\xampp\htdocs\ZCXYCode\Runtime\Cache\Admin\4ee8865a10eb27aebe823c0f196ed6ef.php 第 55 行.
NOTIC: [8] Undefined variable: v1 D:\xampp\htdocs\ZCXYCode\Runtime\Cache\Admin\4ee8865a10eb27aebe823c0f196ed6ef.php 第 55 行.
NOTIC: [8] Undefined variable: v1 D:\xampp\htdocs\ZCXYCode\Runtime\Cache\Admin\4ee8865a10eb27aebe823c0f196ed6ef.php 第 55 行.
NOTIC: [8] Undefined variable: v1 D:\xampp\htdocs\ZCXYCode\Runtime\Cache\Admin\4ee8865a10eb27aebe823c0f196ed6ef.php 第 55 行.
NOTIC: [8] Undefined variable: v1 D:\xampp\htdocs\ZCXYCode\Runtime\Cache\Admin\4ee8865a10eb27aebe823c0f196ed6ef.php 第 55 行.
NOTIC: [8] Undefined variable: v1 D:\xampp\htdocs\ZCXYCode\Runtime\Cache\Admin\4ee8865a10eb27aebe823c0f196ed6ef.php 第 55 行.
NOTIC: [8] Undefined variable: v1 D:\xampp\htdocs\ZCXYCode\Runtime\Cache\Admin\4ee8865a10eb27aebe823c0f196ed6ef.php 第 55 行.
NOTIC: [8] Undefined variable: v1 D:\xampp\htdocs\ZCXYCode\Runtime\Cache\Admin\4ee8865a10eb27aebe823c0f196ed6ef.php 第 55 行.
NOTIC: [8] Undefined variable: v1 D:\xampp\htdocs\ZCXYCode\Runtime\Cache\Admin\4ee8865a10eb27aebe823c0f196ed6ef.php 第 55 行.
NOTIC: [8] Undefined variable: v1 D:\xampp\htdocs\ZCXYCode\Runtime\Cache\Admin\4ee8865a10eb27aebe823c0f196ed6ef.php 第 55 行.
NOTIC: [8] Undefined variable: v1 D:\xampp\htdocs\ZCXYCode\Runtime\Cache\Admin\4ee8865a10eb27aebe823c0f196ed6ef.php 第 55 行.
NOTIC: [8] Undefined variable: v1 D:\xampp\htdocs\ZCXYCode\Runtime\Cache\Admin\4ee8865a10eb27aebe823c0f196ed6ef.php 第 55 行.
NOTIC: [8] Undefined variable: v1 D:\xampp\htdocs\ZCXYCode\Runtime\Cache\Admin\4ee8865a10eb27aebe823c0f196ed6ef.php 第 55 行.
NOTIC: [8] Undefined variable: v1 D:\xampp\htdocs\ZCXYCode\Runtime\Cache\Admin\4ee8865a10eb27aebe823c0f196ed6ef.php 第 55 行.
NOTIC: [8] Undefined variable: v1 D:\xampp\htdocs\ZCXYCode\Runtime\Cache\Admin\4ee8865a10eb27aebe823c0f196ed6ef.php 第 55 行.
NOTIC: [8] Undefined variable: v1 D:\xampp\htdocs\ZCXYCode\Runtime\Cache\Admin\4ee8865a10eb27aebe823c0f196ed6ef.php 第 55 行.
NOTIC: [8] Undefined variable: v1 D:\xampp\htdocs\ZCXYCode\Runtime\Cache\Admin\4ee8865a10eb27aebe823c0f196ed6ef.php 第 55 行.
NOTIC: [8] Undefined variable: v1 D:\xampp\htdocs\ZCXYCode\Runtime\Cache\Admin\4ee8865a10eb27aebe823c0f196ed6ef.php 第 55 行.
INFO: Run Behavior\ParseTemplateBehavior [ RunTime:0.013001s ]
INFO: [ view_parse ] --END-- [ RunTime:0.013001s ]
INFO: [ view_filter ] --START--
INFO: Run Behavior\WriteHtmlCacheBehavior [ RunTime:0.001000s ]
INFO: [ view_filter ] --END-- [ RunTime:0.001000s ]
INFO: [ app_end ] --START--
INFO: Run Behavior\ShowPageTraceBehavior [ RunTime:0.001000s ]
INFO: [ app_end ] --END-- [ RunTime:0.001000s ]

[ 2017-09-21T16:12:37+08:00 ] 127.0.0.1 /index.php/Admin/View/startStopArticle?vied=35&status=1
INFO: [ app_init ] --START--
INFO: Run Behavior\BuildLiteBehavior [ RunTime:0.000000s ]
INFO: [ app_init ] --END-- [ RunTime:0.000000s ]
INFO: [ app_begin ] --START--
INFO: Run Behavior\ReadHtmlCacheBehavior [ RunTime:0.000000s ]
INFO: [ app_begin ] --END-- [ RunTime:0.001000s ]
SQL: SHOW COLUMNS FROM `zcxy_view` [ RunTime:0.0050s ]
SQL: UPDATE `zcxy_view` SET `status`='1' WHERE ( vied=35 ) [ RunTime:0.0010s ]
INFO: [ app_end ] --START--
INFO: Run Behavior\ShowPageTraceBehavior [ RunTime:0.001000s ]
INFO: [ app_end ] --END-- [ RunTime:0.001000s ]

[ 2017-09-21T16:12:39+08:00 ] 127.0.0.1 /index.php/Admin/View/articleList
INFO: [ app_init ] --START--
INFO: Run Behavior\BuildLiteBehavior [ RunTime:0.000000s ]
INFO: [ app_init ] --END-- [ RunTime:0.000000s ]
INFO: [ app_begin ] --START--
INFO: Run Behavior\ReadHtmlCacheBehavior [ RunTime:0.001000s ]
INFO: [ app_begin ] --END-- [ RunTime:0.001000s ]
SQL: SHOW COLUMNS FROM `zcxy_view` [ RunTime:0.0050s ]
SQL: SELECT `vied`,`title`,`class`,`status`,`author`,`from`,`time` FROM `zcxy_view` ORDER BY orderid desc  [ RunTime:0.0000s ]
INFO: [ view_parse ] --START--
INFO: [ template_filter ] --START--
INFO: Run Behavior\ContentReplaceBehavior [ RunTime:0.000000s ]
INFO: [ template_filter ] --END-- [ RunTime:0.000000s ]
NOTIC: [8] Undefined variable: v1 D:\xampp\htdocs\ZCXYCode\Runtime\Cache\Admin\4ee8865a10eb27aebe823c0f196ed6ef.php 第 55 行.
NOTIC: [8] Undefined variable: v1 D:\xampp\htdocs\ZCXYCode\Runtime\Cache\Admin\4ee8865a10eb27aebe823c0f196ed6ef.php 第 55 行.
NOTIC: [8] Undefined variable: v1 D:\xampp\htdocs\ZCXYCode\Runtime\Cache\Admin\4ee8865a10eb27aebe823c0f196ed6ef.php 第 55 行.
NOTIC: [8] Undefined variable: v1 D:\xampp\htdocs\ZCXYCode\Runtime\Cache\Admin\4ee8865a10eb27aebe823c0f196ed6ef.php 第 55 行.
NOTIC: [8] Undefined variable: v1 D:\xampp\htdocs\ZCXYCode\Runtime\Cache\Admin\4ee8865a10eb27aebe823c0f196ed6ef.php 第 55 行.
NOTIC: [8] Undefined variable: v1 D:\xampp\htdocs\ZCXYCode\Runtime\Cache\Admin\4ee8865a10eb27aebe823c0f196ed6ef.php 第 55 行.
NOTIC: [8] Undefined variable: v1 D:\xampp\htdocs\ZCXYCode\Runtime\Cache\Admin\4ee8865a10eb27aebe823c0f196ed6ef.php 第 55 行.
NOTIC: [8] Undefined variable: v1 D:\xampp\htdocs\ZCXYCode\Runtime\Cache\Admin\4ee8865a10eb27aebe823c0f196ed6ef.php 第 55 行.
NOTIC: [8] Undefined variable: v1 D:\xampp\htdocs\ZCXYCode\Runtime\Cache\Admin\4ee8865a10eb27aebe823c0f196ed6ef.php 第 55 行.
NOTIC: [8] Undefined variable: v1 D:\xampp\htdocs\ZCXYCode\Runtime\Cache\Admin\4ee8865a10eb27aebe823c0f196ed6ef.php 第 55 行.
NOTIC: [8] Undefined variable: v1 D:\xampp\htdocs\ZCXYCode\Runtime\Cache\Admin\4ee8865a10eb27aebe823c0f196ed6ef.php 第 55 行.
NOTIC: [8] Undefined variable: v1 D:\xampp\htdocs\ZCXYCode\Runtime\Cache\Admin\4ee8865a10eb27aebe823c0f196ed6ef.php 第 55 行.
NOTIC: [8] Undefined variable: v1 D:\xampp\htdocs\ZCXYCode\Runtime\Cache\Admin\4ee8865a10eb27aebe823c0f196ed6ef.php 第 55 行.
NOTIC: [8] Undefined variable: v1 D:\xampp\htdocs\ZCXYCode\Runtime\Cache\Admin\4ee8865a10eb27aebe823c0f196ed6ef.php 第 55 行.
NOTIC: [8] Undefined variable: v1 D:\xampp\htdocs\ZCXYCode\Runtime\Cache\Admin\4ee8865a10eb27aebe823c0f196ed6ef.php 第 55 行.
NOTIC: [8] Undefined variable: v1 D:\xampp\htdocs\ZCXYCode\Runtime\Cache\Admin\4ee8865a10eb27aebe823c0f196ed6ef.php 第 55 行.
NOTIC: [8] Undefined variable: v1 D:\xampp\htdocs\ZCXYCode\Runtime\Cache\Admin\4ee8865a10eb27aebe823c0f196ed6ef.php 第 55 行.
NOTIC: [8] Undefined variable: v1 D:\xampp\htdocs\ZCXYCode\Runtime\Cache\Admin\4ee8865a10eb27aebe823c0f196ed6ef.php 第 55 行.
NOTIC: [8] Undefined variable: v1 D:\xampp\htdocs\ZCXYCode\Runtime\Cache\Admin\4ee8865a10eb27aebe823c0f196ed6ef.php 第 55 行.
NOTIC: [8] Undefined variable: v1 D:\xampp\htdocs\ZCXYCode\Runtime\Cache\Admin\4ee8865a10eb27aebe823c0f196ed6ef.php 第 55 行.
NOTIC: [8] Undefined variable: v1 D:\xampp\htdocs\ZCXYCode\Runtime\Cache\Admin\4ee8865a10eb27aebe823c0f196ed6ef.php 第 55 行.
NOTIC: [8] Undefined variable: v1 D:\xampp\htdocs\ZCXYCode\Runtime\Cache\Admin\4ee8865a10eb27aebe823c0f196ed6ef.php 第 55 行.
NOTIC: [8] Undefined variable: v1 D:\xampp\htdocs\ZCXYCode\Runtime\Cache\Admin\4ee8865a10eb27aebe823c0f196ed6ef.php 第 55 行.
NOTIC: [8] Undefined variable: v1 D:\xampp\htdocs\ZCXYCode\Runtime\Cache\Admin\4ee8865a10eb27aebe823c0f196ed6ef.php 第 55 行.
NOTIC: [8] Undefined variable: v1 D:\xampp\htdocs\ZCXYCode\Runtime\Cache\Admin\4ee8865a10eb27aebe823c0f196ed6ef.php 第 55 行.
NOTIC: [8] Undefined variable: v1 D:\xampp\htdocs\ZCXYCode\Runtime\Cache\Admin\4ee8865a10eb27aebe823c0f196ed6ef.php 第 55 行.
NOTIC: [8] Undefined variable: v1 D:\xampp\htdocs\ZCXYCode\Runtime\Cache\Admin\4ee8865a10eb27aebe823c0f196ed6ef.php 第 55 行.
NOTIC: [8] Undefined variable: v1 D:\xampp\htdocs\ZCXYCode\Runtime\Cache\Admin\4ee8865a10eb27aebe823c0f196ed6ef.php 第 55 行.
NOTIC: [8] Undefined variable: v1 D:\xampp\htdocs\ZCXYCode\Runtime\Cache\Admin\4ee8865a10eb27aebe823c0f196ed6ef.php 第 55 行.
NOTIC: [8] Undefined variable: v1 D:\xampp\htdocs\ZCXYCode\Runtime\Cache\Admin\4ee8865a10eb27aebe823c0f196ed6ef.php 第 55 行.
INFO: Run Behavior\ParseTemplateBehavior [ RunTime:0.013000s ]
INFO: [ view_parse ] --END-- [ RunTime:0.013000s ]
INFO: [ view_filter ] --START--
INFO: Run Behavior\WriteHtmlCacheBehavior [ RunTime:0.000000s ]
INFO: [ view_filter ] --END-- [ RunTime:0.000000s ]
INFO: [ app_end ] --START--
INFO: Run Behavior\ShowPageTraceBehavior [ RunTime:0.001000s ]
INFO: [ app_end ] --END-- [ RunTime:0.001000s ]

[ 2017-09-21T16:13:21+08:00 ] 127.0.0.1 /index.php/Admin/View/articleList
INFO: [ app_init ] --START--
INFO: Run Behavior\BuildLiteBehavior [ RunTime:0.000000s ]
INFO: [ app_init ] --END-- [ RunTime:0.001000s ]
INFO: [ app_begin ] --START--
INFO: Run Behavior\ReadHtmlCacheBehavior [ RunTime:0.001000s ]
INFO: [ app_begin ] --END-- [ RunTime:0.001000s ]
SQL: SHOW COLUMNS FROM `zcxy_view` [ RunTime:0.0050s ]
SQL: SELECT `vied`,`title`,`class`,`status`,`author`,`from`,`time` FROM `zcxy_view` ORDER BY orderid desc  [ RunTime:0.0010s ]
INFO: [ view_parse ] --START--
INFO: [ template_filter ] --START--
INFO: Run Behavior\ContentReplaceBehavior [ RunTime:0.000000s ]
INFO: [ template_filter ] --END-- [ RunTime:0.000000s ]
NOTIC: [8] Undefined variable: v1 D:\xampp\htdocs\ZCXYCode\Runtime\Cache\Admin\4ee8865a10eb27aebe823c0f196ed6ef.php 第 55 行.
NOTIC: [8] Undefined variable: v1 D:\xampp\htdocs\ZCXYCode\Runtime\Cache\Admin\4ee8865a10eb27aebe823c0f196ed6ef.php 第 55 行.
NOTIC: [8] Undefined variable: v1 D:\xampp\htdocs\ZCXYCode\Runtime\Cache\Admin\4ee8865a10eb27aebe823c0f196ed6ef.php 第 55 行.
NOTIC: [8] Undefined variable: v1 D:\xampp\htdocs\ZCXYCode\Runtime\Cache\Admin\4ee8865a10eb27aebe823c0f196ed6ef.php 第 55 行.
NOTIC: [8] Undefined variable: v1 D:\xampp\htdocs\ZCXYCode\Runtime\Cache\Admin\4ee8865a10eb27aebe823c0f196ed6ef.php 第 55 行.
NOTIC: [8] Undefined variable: v1 D:\xampp\htdocs\ZCXYCode\Runtime\Cache\Admin\4ee8865a10eb27aebe823c0f196ed6ef.php 第 55 行.
NOTIC: [8] Undefined variable: v1 D:\xampp\htdocs\ZCXYCode\Runtime\Cache\Admin\4ee8865a10eb27aebe823c0f196ed6ef.php 第 55 行.
NOTIC: [8] Undefined variable: v1 D:\xampp\htdocs\ZCXYCode\Runtime\Cache\Admin\4ee8865a10eb27aebe823c0f196ed6ef.php 第 55 行.
NOTIC: [8] Undefined variable: v1 D:\xampp\htdocs\ZCXYCode\Runtime\Cache\Admin\4ee8865a10eb27aebe823c0f196ed6ef.php 第 55 行.
NOTIC: [8] Undefined variable: v1 D:\xampp\htdocs\ZCXYCode\Runtime\Cache\Admin\4ee8865a10eb27aebe823c0f196ed6ef.php 第 55 行.
NOTIC: [8] Undefined variable: v1 D:\xampp\htdocs\ZCXYCode\Runtime\Cache\Admin\4ee8865a10eb27aebe823c0f196ed6ef.php 第 55 行.
NOTIC: [8] Undefined variable: v1 D:\xampp\htdocs\ZCXYCode\Runtime\Cache\Admin\4ee8865a10eb27aebe823c0f196ed6ef.php 第 55 行.
NOTIC: [8] Undefined variable: v1 D:\xampp\htdocs\ZCXYCode\Runtime\Cache\Admin\4ee8865a10eb27aebe823c0f196ed6ef.php 第 55 行.
NOTIC: [8] Undefined variable: v1 D:\xampp\htdocs\ZCXYCode\Runtime\Cache\Admin\4ee8865a10eb27aebe823c0f196ed6ef.php 第 55 行.
NOTIC: [8] Undefined variable: v1 D:\xampp\htdocs\ZCXYCode\Runtime\Cache\Admin\4ee8865a10eb27aebe823c0f196ed6ef.php 第 55 行.
NOTIC: [8] Undefined variable: v1 D:\xampp\htdocs\ZCXYCode\Runtime\Cache\Admin\4ee8865a10eb27aebe823c0f196ed6ef.php 第 55 行.
NOTIC: [8] Undefined variable: v1 D:\xampp\htdocs\ZCXYCode\Runtime\Cache\Admin\4ee8865a10eb27aebe823c0f196ed6ef.php 第 55 行.
NOTIC: [8] Undefined variable: v1 D:\xampp\htdocs\ZCXYCode\Runtime\Cache\Admin\4ee8865a10eb27aebe823c0f196ed6ef.php 第 55 行.
NOTIC: [8] Undefined variable: v1 D:\xampp\htdocs\ZCXYCode\Runtime\Cache\Admin\4ee8865a10eb27aebe823c0f196ed6ef.php 第 55 行.
NOTIC: [8] Undefined variable: v1 D:\xampp\htdocs\ZCXYCode\Runtime\Cache\Admin\4ee8865a10eb27aebe823c0f196ed6ef.php 第 55 行.
NOTIC: [8] Undefined variable: v1 D:\xampp\htdocs\ZCXYCode\Runtime\Cache\Admin\4ee8865a10eb27aebe823c0f196ed6ef.php 第 55 行.
NOTIC: [8] Undefined variable: v1 D:\xampp\htdocs\ZCXYCode\Runtime\Cache\Admin\4ee8865a10eb27aebe823c0f196ed6ef.php 第 55 行.
NOTIC: [8] Undefined variable: v1 D:\xampp\htdocs\ZCXYCode\Runtime\Cache\Admin\4ee8865a10eb27aebe823c0f196ed6ef.php 第 55 行.
NOTIC: [8] Undefined variable: v1 D:\xampp\htdocs\ZCXYCode\Runtime\Cache\Admin\4ee8865a10eb27aebe823c0f196ed6ef.php 第 55 行.
NOTIC: [8] Undefined variable: v1 D:\xampp\htdocs\ZCXYCode\Runtime\Cache\Admin\4ee8865a10eb27aebe823c0f196ed6ef.php 第 55 行.
NOTIC: [8] Undefined variable: v1 D:\xampp\htdocs\ZCXYCode\Runtime\Cache\Admin\4ee8865a10eb27aebe823c0f196ed6ef.php 第 55 行.
NOTIC: [8] Undefined variable: v1 D:\xampp\htdocs\ZCXYCode\Runtime\Cache\Admin\4ee8865a10eb27aebe823c0f196ed6ef.php 第 55 行.
NOTIC: [8] Undefined variable: v1 D:\xampp\htdocs\ZCXYCode\Runtime\Cache\Admin\4ee8865a10eb27aebe823c0f196ed6ef.php 第 55 行.
NOTIC: [8] Undefined variable: v1 D:\xampp\htdocs\ZCXYCode\Runtime\Cache\Admin\4ee8865a10eb27aebe823c0f196ed6ef.php 第 55 行.
NOTIC: [8] Undefined variable: v1 D:\xampp\htdocs\ZCXYCode\Runtime\Cache\Admin\4ee8865a10eb27aebe823c0f196ed6ef.php 第 55 行.
INFO: Run Behavior\ParseTemplateBehavior [ RunTime:0.015001s ]
INFO: [ view_parse ] --END-- [ RunTime:0.015001s ]
INFO: [ view_filter ] --START--
INFO: Run Behavior\WriteHtmlCacheBehavior [ RunTime:0.001000s ]
INFO: [ view_filter ] --END-- [ RunTime:0.001000s ]
INFO: [ app_end ] --START--
INFO: Run Behavior\ShowPageTraceBehavior [ RunTime:0.001000s ]
INFO: [ app_end ] --END-- [ RunTime:0.002000s ]

