[ 2017-08-25T16:43:51+08:00 ] 127.0.0.1 /index.php/admin/
INFO: [ app_init ] --START--
INFO: Run Behavior\BuildLiteBehavior [ RunTime:0.000000s ]
INFO: [ app_init ] --END-- [ RunTime:0.001001s ]
INFO: [ app_begin ] --START--
INFO: Run Behavior\ReadHtmlCacheBehavior [ RunTime:0.001000s ]
INFO: [ app_begin ] --END-- [ RunTime:0.001000s ]

[ 2017-08-25T16:43:51+08:00 ] 127.0.0.1 /index.php/Admin/login/login.html
INFO: [ app_init ] --START--
INFO: Run Behavior\BuildLiteBehavior [ RunTime:0.000000s ]
INFO: [ app_init ] --END-- [ RunTime:0.001000s ]
INFO: [ app_begin ] --START--
INFO: Run Behavior\ReadHtmlCacheBehavior [ RunTime:0.001000s ]
INFO: [ app_begin ] --END-- [ RunTime:0.001000s ]
INFO: [ view_parse ] --START--
INFO: [ template_filter ] --START--
INFO: Run Behavior\ContentReplaceBehavior [ RunTime:0.000000s ]
INFO: [ template_filter ] --END-- [ RunTime:0.001000s ]
INFO: Run Behavior\ParseTemplateBehavior [ RunTime:0.038002s ]
INFO: [ view_parse ] --END-- [ RunTime:0.038002s ]
INFO: [ view_filter ] --START--
INFO: Run Behavior\WriteHtmlCacheBehavior [ RunTime:0.001000s ]
INFO: [ view_filter ] --END-- [ RunTime:0.001000s ]
INFO: [ app_end ] --START--
INFO: Run Behavior\ShowPageTraceBehavior [ RunTime:0.001000s ]
INFO: [ app_end ] --END-- [ RunTime:0.001000s ]

[ 2017-08-25T16:43:57+08:00 ] 127.0.0.1 /index.php/Admin/Login/login
INFO: [ app_init ] --START--
INFO: Run Behavior\BuildLiteBehavior [ RunTime:0.000000s ]
INFO: [ app_init ] --END-- [ RunTime:0.000000s ]
INFO: [ app_begin ] --START--
INFO: Run Behavior\ReadHtmlCacheBehavior [ RunTime:0.001000s ]
INFO: [ app_begin ] --END-- [ RunTime:0.001000s ]
SQL: SHOW COLUMNS FROM `zcxy_admin` [ RunTime:0.0340s ]
SQL: SELECT * FROM `zcxy_admin` WHERE ( adminusername='webadmin' and password='webadmin' ) LIMIT 1   [ RunTime:0.0010s ]
SQL: UPDATE `zcxy_admin` SET `lastlogin`='2017-08-25 16:43:57',`lastip`='127.0.0.1',`logintime`='58' WHERE ( adminusername='webadmin' and password='webadmin' ) [ RunTime:0.0010s ]
INFO: [ app_end ] --START--
INFO: Run Behavior\ShowPageTraceBehavior [ RunTime:0.001000s ]
INFO: [ app_end ] --END-- [ RunTime:0.001000s ]

[ 2017-08-25T16:43:57+08:00 ] 127.0.0.1 /index.php/Admin/Index/index
INFO: [ app_init ] --START--
INFO: Run Behavior\BuildLiteBehavior [ RunTime:0.000000s ]
INFO: [ app_init ] --END-- [ RunTime:0.001000s ]
INFO: [ app_begin ] --START--
INFO: Run Behavior\ReadHtmlCacheBehavior [ RunTime:0.001000s ]
INFO: [ app_begin ] --END-- [ RunTime:0.001000s ]
INFO: [ view_parse ] --START--
INFO: [ template_filter ] --START--
INFO: Run Behavior\ContentReplaceBehavior [ RunTime:0.000000s ]
INFO: [ template_filter ] --END-- [ RunTime:0.000000s ]
INFO: Run Behavior\ParseTemplateBehavior [ RunTime:0.027002s ]
INFO: [ view_parse ] --END-- [ RunTime:0.027002s ]
INFO: [ view_filter ] --START--
INFO: Run Behavior\WriteHtmlCacheBehavior [ RunTime:0.001000s ]
INFO: [ view_filter ] --END-- [ RunTime:0.001000s ]
INFO: [ app_end ] --START--
INFO: Run Behavior\ShowPageTraceBehavior [ RunTime:0.019001s ]
INFO: [ app_end ] --END-- [ RunTime:0.019001s ]

[ 2017-08-25T16:43:57+08:00 ] 127.0.0.1 /index.php/Admin/Index/welcome
INFO: [ app_init ] --START--
INFO: Run Behavior\BuildLiteBehavior [ RunTime:0.000000s ]
INFO: [ app_init ] --END-- [ RunTime:0.001001s ]
INFO: [ app_begin ] --START--
INFO: Run Behavior\ReadHtmlCacheBehavior [ RunTime:0.001000s ]
INFO: [ app_begin ] --END-- [ RunTime:0.001000s ]
INFO: [ view_parse ] --START--
INFO: [ template_filter ] --START--
INFO: Run Behavior\ContentReplaceBehavior [ RunTime:0.000000s ]
INFO: [ template_filter ] --END-- [ RunTime:0.000000s ]
INFO: Run Behavior\ParseTemplateBehavior [ RunTime:0.057003s ]
INFO: [ view_parse ] --END-- [ RunTime:0.058003s ]
INFO: [ view_filter ] --START--
INFO: Run Behavior\WriteHtmlCacheBehavior [ RunTime:0.000000s ]
INFO: [ view_filter ] --END-- [ RunTime:0.000000s ]
INFO: [ app_end ] --START--
INFO: Run Behavior\ShowPageTraceBehavior [ RunTime:0.001000s ]
INFO: [ app_end ] --END-- [ RunTime:0.001000s ]

[ 2017-08-25T16:44:01+08:00 ] 127.0.0.1 /index.php/Admin/Case/articleList
INFO: [ app_init ] --START--
INFO: Run Behavior\BuildLiteBehavior [ RunTime:0.000000s ]
INFO: [ app_init ] --END-- [ RunTime:0.001000s ]
INFO: [ app_begin ] --START--
INFO: Run Behavior\ReadHtmlCacheBehavior [ RunTime:0.001000s ]
INFO: [ app_begin ] --END-- [ RunTime:0.001000s ]
SQL: SHOW COLUMNS FROM `zcxy_case` [ RunTime:0.0360s ]
SQL: SELECT `caid`,`title`,`position`,`status`,`speaker`,`from`,`time` FROM `zcxy_case` ORDER BY orderid desc  [ RunTime:0.0230s ]
INFO: [ view_parse ] --START--
INFO: [ template_filter ] --START--
INFO: Run Behavior\ContentReplaceBehavior [ RunTime:0.000000s ]
INFO: [ template_filter ] --END-- [ RunTime:0.000000s ]
NOTIC: [8] Undefined variable: v1 D:\xampp\htdocs\ZCXYCode\Runtime\Cache\Admin\7bda2456dc36b1c8770ebf5baeaafff5.php 第 55 行.
NOTIC: [8] Undefined variable: v1 D:\xampp\htdocs\ZCXYCode\Runtime\Cache\Admin\7bda2456dc36b1c8770ebf5baeaafff5.php 第 55 行.
NOTIC: [8] Undefined variable: v1 D:\xampp\htdocs\ZCXYCode\Runtime\Cache\Admin\7bda2456dc36b1c8770ebf5baeaafff5.php 第 55 行.
NOTIC: [8] Undefined variable: v1 D:\xampp\htdocs\ZCXYCode\Runtime\Cache\Admin\7bda2456dc36b1c8770ebf5baeaafff5.php 第 55 行.
NOTIC: [8] Undefined variable: v1 D:\xampp\htdocs\ZCXYCode\Runtime\Cache\Admin\7bda2456dc36b1c8770ebf5baeaafff5.php 第 55 行.
NOTIC: [8] Undefined variable: v1 D:\xampp\htdocs\ZCXYCode\Runtime\Cache\Admin\7bda2456dc36b1c8770ebf5baeaafff5.php 第 55 行.
NOTIC: [8] Undefined variable: v1 D:\xampp\htdocs\ZCXYCode\Runtime\Cache\Admin\7bda2456dc36b1c8770ebf5baeaafff5.php 第 55 行.
NOTIC: [8] Undefined variable: v1 D:\xampp\htdocs\ZCXYCode\Runtime\Cache\Admin\7bda2456dc36b1c8770ebf5baeaafff5.php 第 55 行.
NOTIC: [8] Undefined variable: v1 D:\xampp\htdocs\ZCXYCode\Runtime\Cache\Admin\7bda2456dc36b1c8770ebf5baeaafff5.php 第 55 行.
NOTIC: [8] Undefined variable: v1 D:\xampp\htdocs\ZCXYCode\Runtime\Cache\Admin\7bda2456dc36b1c8770ebf5baeaafff5.php 第 55 行.
NOTIC: [8] Undefined variable: v1 D:\xampp\htdocs\ZCXYCode\Runtime\Cache\Admin\7bda2456dc36b1c8770ebf5baeaafff5.php 第 55 行.
NOTIC: [8] Undefined variable: v1 D:\xampp\htdocs\ZCXYCode\Runtime\Cache\Admin\7bda2456dc36b1c8770ebf5baeaafff5.php 第 55 行.
NOTIC: [8] Undefined variable: v1 D:\xampp\htdocs\ZCXYCode\Runtime\Cache\Admin\7bda2456dc36b1c8770ebf5baeaafff5.php 第 55 行.
NOTIC: [8] Undefined variable: v1 D:\xampp\htdocs\ZCXYCode\Runtime\Cache\Admin\7bda2456dc36b1c8770ebf5baeaafff5.php 第 55 行.
NOTIC: [8] Undefined variable: v1 D:\xampp\htdocs\ZCXYCode\Runtime\Cache\Admin\7bda2456dc36b1c8770ebf5baeaafff5.php 第 55 行.
NOTIC: [8] Undefined variable: v1 D:\xampp\htdocs\ZCXYCode\Runtime\Cache\Admin\7bda2456dc36b1c8770ebf5baeaafff5.php 第 55 行.
NOTIC: [8] Undefined variable: v1 D:\xampp\htdocs\ZCXYCode\Runtime\Cache\Admin\7bda2456dc36b1c8770ebf5baeaafff5.php 第 55 行.
NOTIC: [8] Undefined variable: v1 D:\xampp\htdocs\ZCXYCode\Runtime\Cache\Admin\7bda2456dc36b1c8770ebf5baeaafff5.php 第 55 行.
NOTIC: [8] Undefined variable: v1 D:\xampp\htdocs\ZCXYCode\Runtime\Cache\Admin\7bda2456dc36b1c8770ebf5baeaafff5.php 第 55 行.
INFO: Run Behavior\ParseTemplateBehavior [ RunTime:0.017001s ]
INFO: [ view_parse ] --END-- [ RunTime:0.017001s ]
INFO: [ view_filter ] --START--
INFO: Run Behavior\WriteHtmlCacheBehavior [ RunTime:0.000000s ]
INFO: [ view_filter ] --END-- [ RunTime:0.000000s ]
INFO: [ app_end ] --START--
INFO: Run Behavior\ShowPageTraceBehavior [ RunTime:0.001000s ]
INFO: [ app_end ] --END-- [ RunTime:0.001000s ]

[ 2017-08-25T16:44:04+08:00 ] 127.0.0.1 /index.php/Admin/Case/editArticle?caid=21
INFO: [ app_init ] --START--
INFO: Run Behavior\BuildLiteBehavior [ RunTime:0.000000s ]
INFO: [ app_init ] --END-- [ RunTime:0.001000s ]
INFO: [ app_begin ] --START--
INFO: Run Behavior\ReadHtmlCacheBehavior [ RunTime:0.003000s ]
INFO: [ app_begin ] --END-- [ RunTime:0.003000s ]
SQL: SHOW COLUMNS FROM `zcxy_case` [ RunTime:0.0080s ]
SQL: SELECT * FROM `zcxy_case` WHERE ( caid=21 ) LIMIT 1   [ RunTime:0.0010s ]
INFO: [ view_parse ] --START--
INFO: [ template_filter ] --START--
INFO: Run Behavior\ContentReplaceBehavior [ RunTime:0.000000s ]
INFO: [ template_filter ] --END-- [ RunTime:0.000000s ]
INFO: Run Behavior\ParseTemplateBehavior [ RunTime:0.027002s ]
INFO: [ view_parse ] --END-- [ RunTime:0.027002s ]
INFO: [ view_filter ] --START--
INFO: Run Behavior\WriteHtmlCacheBehavior [ RunTime:0.001000s ]
INFO: [ view_filter ] --END-- [ RunTime:0.002000s ]
INFO: [ app_end ] --START--
INFO: Run Behavior\ShowPageTraceBehavior [ RunTime:0.002000s ]
INFO: [ app_end ] --END-- [ RunTime:0.002000s ]

[ 2017-08-25T16:45:15+08:00 ] 127.0.0.1 /index.php/Admin/Case/editArticle?caid=21
INFO: [ app_init ] --START--
INFO: Run Behavior\BuildLiteBehavior [ RunTime:0.000000s ]
INFO: [ app_init ] --END-- [ RunTime:0.001000s ]
INFO: [ app_begin ] --START--
INFO: Run Behavior\ReadHtmlCacheBehavior [ RunTime:0.001000s ]
INFO: [ app_begin ] --END-- [ RunTime:0.001000s ]
SQL: SHOW COLUMNS FROM `zcxy_case` [ RunTime:0.0060s ]
SQL: UPDATE `zcxy_case` SET `caid`='21',`content`='<pre class=\"brush:php;toolbar:false\">&lt;?php
/*
*dddd&nbsp;
*/
echo&nbsp;&quot;hello&quot;;
?&gt;</pre><p><br/></p><p>sdfasdf asdfasdf</p>',`title`='asdf ',`speaker`='asdf',`job`='asdf',`from`='asdf',`author`='asdf',`position`='asdf',`time`='2017-08-07',`thumbimg`='20170824/599e50ea7a084.png' WHERE ( caid=21 ) [ RunTime:0.0000s ]
INFO: [ app_end ] --START--
INFO: Run Behavior\ShowPageTraceBehavior [ RunTime:0.001000s ]
INFO: [ app_end ] --END-- [ RunTime:0.001000s ]

[ 2017-08-25T16:58:45+08:00 ] 127.0.0.1 /index.php/Admin/Case/editArticle?caid=21
INFO: [ app_init ] --START--
INFO: Run Behavior\BuildLiteBehavior [ RunTime:0.000000s ]
INFO: [ app_init ] --END-- [ RunTime:0.001000s ]
INFO: [ app_begin ] --START--
INFO: Run Behavior\ReadHtmlCacheBehavior [ RunTime:0.001000s ]
INFO: [ app_begin ] --END-- [ RunTime:0.001000s ]
SQL: SHOW COLUMNS FROM `zcxy_case` [ RunTime:0.0060s ]
SQL: SELECT * FROM `zcxy_case` WHERE ( caid=21 ) LIMIT 1   [ RunTime:0.0010s ]
INFO: [ view_parse ] --START--
INFO: [ template_filter ] --START--
INFO: Run Behavior\ContentReplaceBehavior [ RunTime:0.000000s ]
INFO: [ template_filter ] --END-- [ RunTime:0.000000s ]
INFO: Run Behavior\ParseTemplateBehavior [ RunTime:0.013001s ]
INFO: [ view_parse ] --END-- [ RunTime:0.013001s ]
INFO: [ view_filter ] --START--
INFO: Run Behavior\WriteHtmlCacheBehavior [ RunTime:0.002000s ]
INFO: [ view_filter ] --END-- [ RunTime:0.002000s ]
INFO: [ app_end ] --START--
INFO: Run Behavior\ShowPageTraceBehavior [ RunTime:0.002000s ]
INFO: [ app_end ] --END-- [ RunTime:0.002000s ]

[ 2017-08-25T16:59:16+08:00 ] 127.0.0.1 /index.php/Admin/Case/editArticle?caid=21
INFO: [ app_init ] --START--
INFO: Run Behavior\BuildLiteBehavior [ RunTime:0.000000s ]
INFO: [ app_init ] --END-- [ RunTime:0.001000s ]
INFO: [ app_begin ] --START--
INFO: Run Behavior\ReadHtmlCacheBehavior [ RunTime:0.001000s ]
INFO: [ app_begin ] --END-- [ RunTime:0.001000s ]
SQL: SHOW COLUMNS FROM `zcxy_case` [ RunTime:0.0060s ]
SQL: SELECT * FROM `zcxy_case` WHERE ( caid=21 ) LIMIT 1   [ RunTime:0.0010s ]
INFO: [ view_parse ] --START--
INFO: [ template_filter ] --START--
INFO: Run Behavior\ContentReplaceBehavior [ RunTime:0.000000s ]
INFO: [ template_filter ] --END-- [ RunTime:0.000000s ]
INFO: Run Behavior\ParseTemplateBehavior [ RunTime:0.016001s ]
INFO: [ view_parse ] --END-- [ RunTime:0.017001s ]
INFO: [ view_filter ] --START--
INFO: Run Behavior\WriteHtmlCacheBehavior [ RunTime:0.001000s ]
INFO: [ view_filter ] --END-- [ RunTime:0.001000s ]
INFO: [ app_end ] --START--
INFO: Run Behavior\ShowPageTraceBehavior [ RunTime:0.001000s ]
INFO: [ app_end ] --END-- [ RunTime:0.001000s ]

[ 2017-08-25T16:59:57+08:00 ] 127.0.0.1 /index.php/Admin/Case/editArticle?caid=21
INFO: [ app_init ] --START--
INFO: Run Behavior\BuildLiteBehavior [ RunTime:0.000000s ]
INFO: [ app_init ] --END-- [ RunTime:0.002000s ]
INFO: [ app_begin ] --START--
INFO: Run Behavior\ReadHtmlCacheBehavior [ RunTime:0.001000s ]
INFO: [ app_begin ] --END-- [ RunTime:0.001000s ]
SQL: SHOW COLUMNS FROM `zcxy_case` [ RunTime:0.0070s ]
SQL: UPDATE `zcxy_case` SET `caid`='21',`content`='<pre class=\"brush:php;toolbar:false\">&lt;?php
/*
*dddd&nbsp;
*/
echo&nbsp;&quot;hello&quot;;
echo&nbsp;&quot;hello&quot;;
echo&nbsp;&quot;hello&quot;;
echo&nbsp;&quot;hello&quot;;
echo&nbsp;&quot;hello&quot;;
echo&nbsp;&quot;hello&quot;;
echo&nbsp;&quot;hello&quot;;
echo&nbsp;&quot;hello&quot;;
echo&nbsp;&quot;hello&quot;;
echo&nbsp;&quot;hello&quot;;
echo&nbsp;&quot;hello&quot;;
echo&nbsp;&quot;hello&quot;;
echo&nbsp;&quot;hello&quot;;
echo&nbsp;&quot;hello&quot;;
echo&nbsp;&quot;hello&quot;;
echo&nbsp;&quot;hello&quot;;
echo&nbsp;&quot;hello&quot;;
echo&nbsp;&quot;hello&quot;;
echo&nbsp;&quot;hello&quot;;
echo&nbsp;&quot;hello&quot;;
echo&nbsp;&quot;hello&quot;;
echo&nbsp;&quot;hello&quot;;
echo&nbsp;&quot;hello&quot;;
echo&nbsp;&quot;hello&quot;;
echo&nbsp;&quot;hello&quot;;
echo&nbsp;&quot;hello&quot;;
echo&nbsp;&quot;hello&quot;;
echo&nbsp;&quot;hello&quot;;
echo&nbsp;&quot;hello&quot;;
echo&nbsp;&quot;hello&quot;;
echo&nbsp;&quot;hello&quot;;
echo&nbsp;&quot;hello&quot;;
echo&nbsp;&quot;hello&quot;;
echo&nbsp;&quot;hello&quot;;
echo&nbsp;&quot;hello&quot;;
echo&nbsp;&quot;hello&quot;;
echo&nbsp;&quot;hello&quot;;
echo&nbsp;&quot;hello&quot;;
echo&nbsp;&quot;hello&quot;;
echo&nbsp;&quot;hello&quot;;
echo&nbsp;&quot;hello&quot;;
echo&nbsp;&quot;hello&quot;;
echo&nbsp;&quot;hello&quot;;
echo&nbsp;&quot;hello&quot;;
echo&nbsp;&quot;hello&quot;;
echo&nbsp;&quot;hello&quot;;
echo&nbsp;&quot;hello&quot;;
echo&nbsp;&quot;hello&quot;;
echo&nbsp;&quot;hello&quot;;
echo&nbsp;&quot;hello&quot;;
echo&nbsp;&quot;hello&quot;;
echo&nbsp;&quot;hello&quot;;
echo&nbsp;&quot;hello&quot;;
echo&nbsp;&quot;hello&quot;;
echo&nbsp;&quot;hello&quot;;
echo&nbsp;&quot;hello&quot;;
echo&nbsp;&quot;hello&quot;;
echo&nbsp;&quot;hello&quot;;
echo&nbsp;&quot;hello&quot;;
echo&nbsp;&quot;hello&quot;;
echo&nbsp;&quot;hello&quot;;
echo&nbsp;&quot;hello&quot;;
echo&nbsp;&quot;hello&quot;;
echo&nbsp;&quot;hello&quot;;
echo&nbsp;&quot;hello&quot;;
echo&nbsp;&quot;hello&quot;;
echo&nbsp;&quot;hello&quot;;
echo&nbsp;&quot;hello&quot;;
echo&nbsp;&quot;hello&quot;;
echo&nbsp;&quot;hello&quot;;
echo&nbsp;&quot;hello&quot;;
echo&nbsp;&quot;hello&quot;;
echo&nbsp;&quot;hello&quot;;
echo&nbsp;&quot;hello&quot;;
echo&nbsp;&quot;hello&quot;;
echo&nbsp;&quot;hello&quot;;
echo&nbsp;&quot;hello&quot;;
echo&nbsp;&quot;hello&quot;;
echo&nbsp;&quot;hello&quot;;
echo&nbsp;&quot;hello&quot;;
?&gt;</pre><p><br/></p><p>sdfasdf asdfasdf</p>',`title`='asdf ',`speaker`='asdf',`job`='asdf',`from`='asdf',`author`='asdf',`position`='asdf',`time`='2017-08-07',`thumbimg`='20170824/599e50ea7a084.png' WHERE ( caid=21 ) [ RunTime:0.0000s ]
INFO: [ app_end ] --START--
INFO: Run Behavior\ShowPageTraceBehavior [ RunTime:0.001000s ]
INFO: [ app_end ] --END-- [ RunTime:0.001000s ]

[ 2017-08-25T17:08:57+08:00 ] 127.0.0.1 /index.php/Admin/Case/editArticle?caid=21
INFO: [ app_init ] --START--
INFO: Run Behavior\BuildLiteBehavior [ RunTime:0.000000s ]
INFO: [ app_init ] --END-- [ RunTime:0.001000s ]
INFO: [ app_begin ] --START--
INFO: Run Behavior\ReadHtmlCacheBehavior [ RunTime:0.001000s ]
INFO: [ app_begin ] --END-- [ RunTime:0.001000s ]
SQL: SHOW COLUMNS FROM `zcxy_case` [ RunTime:0.0100s ]
SQL: SELECT * FROM `zcxy_case` WHERE ( caid=21 ) LIMIT 1   [ RunTime:0.0010s ]
INFO: [ view_parse ] --START--
INFO: [ template_filter ] --START--
INFO: Run Behavior\ContentReplaceBehavior [ RunTime:0.000000s ]
INFO: [ template_filter ] --END-- [ RunTime:0.000000s ]
INFO: Run Behavior\ParseTemplateBehavior [ RunTime:0.013000s ]
INFO: [ view_parse ] --END-- [ RunTime:0.013000s ]
INFO: [ view_filter ] --START--
INFO: Run Behavior\WriteHtmlCacheBehavior [ RunTime:0.001000s ]
INFO: [ view_filter ] --END-- [ RunTime:0.001000s ]
INFO: [ app_end ] --START--
INFO: Run Behavior\ShowPageTraceBehavior [ RunTime:0.001000s ]
INFO: [ app_end ] --END-- [ RunTime:0.001000s ]

[ 2017-08-25T17:09:19+08:00 ] 127.0.0.1 /index.php/Admin/Case/editArticle?caid=21
INFO: [ app_init ] --START--
INFO: Run Behavior\BuildLiteBehavior [ RunTime:0.000000s ]
INFO: [ app_init ] --END-- [ RunTime:0.000000s ]
INFO: [ app_begin ] --START--
INFO: Run Behavior\ReadHtmlCacheBehavior [ RunTime:0.001001s ]
INFO: [ app_begin ] --END-- [ RunTime:0.001001s ]
SQL: SHOW COLUMNS FROM `zcxy_case` [ RunTime:0.0050s ]
SQL: UPDATE `zcxy_case` SET `caid`='21',`content`='<pre class=\"brush:php;toolbar:false\">&lt;?php
/*
*dddd&nbsp;
*/
echo&nbsp;&quot;white-spacewhite-spacewhite-spacevwhite-spacewhite-spacewhite-spacewhite-spacewhite-spacewhite-space&quot;;
echo&nbsp;&quot;hello&quot;;
echo&nbsp;&quot;hello&quot;;
echo&nbsp;&quot;hello&quot;;
echo&nbsp;&quot;hello&quot;;
echo&nbsp;&quot;hello&quot;;
echo&nbsp;&quot;hello&quot;;
echo&nbsp;&quot;hello&quot;;
echo&nbsp;&quot;hello&quot;;
echo&nbsp;&quot;hello&quot;;
echo&nbsp;&quot;hello&quot;;
echo&nbsp;&quot;hello&quot;;
echo&nbsp;&quot;hello&quot;;
echo&nbsp;&quot;hello&quot;;
echo&nbsp;&quot;hello&quot;;
echo&nbsp;&quot;hello&quot;;
echo&nbsp;&quot;hello&quot;;
echo&nbsp;&quot;hello&quot;;
echo&nbsp;&quot;hello&quot;;
echo&nbsp;&quot;hello&quot;;
echo&nbsp;&quot;hello&quot;;
echo&nbsp;&quot;hello&quot;;
echo&nbsp;&quot;hello&quot;;
echo&nbsp;&quot;hello&quot;;
echo&nbsp;&quot;hello&quot;;
echo&nbsp;&quot;hello&quot;;
echo&nbsp;&quot;hello&quot;;
echo&nbsp;&quot;hello&quot;;
echo&nbsp;&quot;hello&quot;;
echo&nbsp;&quot;hello&quot;;
echo&nbsp;&quot;hello&quot;;
echo&nbsp;&quot;hello&quot;;
echo&nbsp;&quot;hello&quot;;
echo&nbsp;&quot;hello&quot;;
echo&nbsp;&quot;hello&quot;;
echo&nbsp;&quot;hello&quot;;
echo&nbsp;&quot;hello&quot;;
echo&nbsp;&quot;hello&quot;;
echo&nbsp;&quot;hello&quot;;
echo&nbsp;&quot;hello&quot;;
echo&nbsp;&quot;hello&quot;;
echo&nbsp;&quot;hello&quot;;
echo&nbsp;&quot;hello&quot;;
echo&nbsp;&quot;hello&quot;;
echo&nbsp;&quot;hello&quot;;
echo&nbsp;&quot;hello&quot;;
echo&nbsp;&quot;hello&quot;;
echo&nbsp;&quot;hello&quot;;
echo&nbsp;&quot;hello&quot;;
echo&nbsp;&quot;hello&quot;;
echo&nbsp;&quot;hello&quot;;
echo&nbsp;&quot;hello&quot;;
echo&nbsp;&quot;hello&quot;;
echo&nbsp;&quot;hello&quot;;
echo&nbsp;&quot;hello&quot;;
echo&nbsp;&quot;hello&quot;;
echo&nbsp;&quot;hello&quot;;
echo&nbsp;&quot;hello&quot;;
echo&nbsp;&quot;hello&quot;;
echo&nbsp;&quot;hello&quot;;
echo&nbsp;&quot;hello&quot;;
echo&nbsp;&quot;hello&quot;;
echo&nbsp;&quot;hello&quot;;
echo&nbsp;&quot;hello&quot;;
echo&nbsp;&quot;hello&quot;;
echo&nbsp;&quot;hello&quot;;
echo&nbsp;&quot;hello&quot;;
echo&nbsp;&quot;hello&quot;;
echo&nbsp;&quot;hello&quot;;
echo&nbsp;&quot;hello&quot;;
echo&nbsp;&quot;hello&quot;;
echo&nbsp;&quot;hello&quot;;
echo&nbsp;&quot;hello&quot;;
echo&nbsp;&quot;hello&quot;;
echo&nbsp;&quot;hello&quot;;
echo&nbsp;&quot;hello&quot;;
echo&nbsp;&quot;hello&quot;;
echo&nbsp;&quot;hello&quot;;
echo&nbsp;&quot;hello&quot;;
echo&nbsp;&quot;hello&quot;;
?&gt;</pre><p><br/></p><p>sdfasdf asdfasdf</p>',`title`='asdf ',`speaker`='asdf',`job`='asdf',`from`='asdf',`author`='asdf',`position`='asdf',`time`='2017-08-07',`thumbimg`='20170824/599e50ea7a084.png' WHERE ( caid=21 ) [ RunTime:0.0000s ]
INFO: [ app_end ] --START--
INFO: Run Behavior\ShowPageTraceBehavior [ RunTime:0.001000s ]
INFO: [ app_end ] --END-- [ RunTime:0.001000s ]

[ 2017-08-25T17:09:30+08:00 ] 127.0.0.1 /index.php/Admin/Case/editArticle?caid=21
INFO: [ app_init ] --START--
INFO: Run Behavior\BuildLiteBehavior [ RunTime:0.000000s ]
INFO: [ app_init ] --END-- [ RunTime:0.002000s ]
INFO: [ app_begin ] --START--
INFO: Run Behavior\ReadHtmlCacheBehavior [ RunTime:0.001000s ]
INFO: [ app_begin ] --END-- [ RunTime:0.001000s ]
SQL: SHOW COLUMNS FROM `zcxy_case` [ RunTime:0.0040s ]
SQL: SELECT * FROM `zcxy_case` WHERE ( caid=21 ) LIMIT 1   [ RunTime:0.0000s ]
INFO: [ view_parse ] --START--
INFO: [ template_filter ] --START--
INFO: Run Behavior\ContentReplaceBehavior [ RunTime:0.000000s ]
INFO: [ template_filter ] --END-- [ RunTime:0.000000s ]
INFO: Run Behavior\ParseTemplateBehavior [ RunTime:0.011000s ]
INFO: [ view_parse ] --END-- [ RunTime:0.011000s ]
INFO: [ view_filter ] --START--
INFO: Run Behavior\WriteHtmlCacheBehavior [ RunTime:0.001001s ]
INFO: [ view_filter ] --END-- [ RunTime:0.001001s ]
INFO: [ app_end ] --START--
INFO: Run Behavior\ShowPageTraceBehavior [ RunTime:0.002000s ]
INFO: [ app_end ] --END-- [ RunTime:0.002000s ]

[ 2017-08-25T17:09:38+08:00 ] 127.0.0.1 /index.php/Admin/Case/editArticle?caid=21
INFO: [ app_init ] --START--
INFO: Run Behavior\BuildLiteBehavior [ RunTime:0.000000s ]
INFO: [ app_init ] --END-- [ RunTime:0.001000s ]
INFO: [ app_begin ] --START--
INFO: Run Behavior\ReadHtmlCacheBehavior [ RunTime:0.001000s ]
INFO: [ app_begin ] --END-- [ RunTime:0.001000s ]
SQL: SHOW COLUMNS FROM `zcxy_case` [ RunTime:0.0060s ]
SQL: UPDATE `zcxy_case` SET `caid`='21',`content`='<pre class=\"brush:php;toolbar:false\">&lt;?php
/*
*dddd&nbsp;
*/
echo&nbsp;&quot;white-spacewhite-spacewhite-spacevwhite-spacewhite-spacewhite-spacewhite-spacwhite-spacewhite-spacewhite-spacewhite-spaceewhite-spacewhite-space&quot;;
echo&nbsp;&quot;hello&quot;;
echo&nbsp;&quot;hello&quot;;
echo&nbsp;&quot;hello&quot;;
echo&nbsp;&quot;hello&quot;;
echo&nbsp;&quot;hello&quot;;
echo&nbsp;&quot;hello&quot;;
echo&nbsp;&quot;hello&quot;;
echo&nbsp;&quot;hello&quot;;
echo&nbsp;&quot;hello&quot;;
echo&nbsp;&quot;hello&quot;;
echo&nbsp;&quot;hello&quot;;
echo&nbsp;&quot;hello&quot;;
echo&nbsp;&quot;hello&quot;;
echo&nbsp;&quot;hello&quot;;
echo&nbsp;&quot;hello&quot;;
echo&nbsp;&quot;hello&quot;;
echo&nbsp;&quot;hello&quot;;
echo&nbsp;&quot;hello&quot;;
echo&nbsp;&quot;hello&quot;;
echo&nbsp;&quot;hello&quot;;
echo&nbsp;&quot;hello&quot;;
echo&nbsp;&quot;hello&quot;;
echo&nbsp;&quot;hello&quot;;
echo&nbsp;&quot;hello&quot;;
echo&nbsp;&quot;hello&quot;;
echo&nbsp;&quot;hello&quot;;
echo&nbsp;&quot;hello&quot;;
echo&nbsp;&quot;hello&quot;;
echo&nbsp;&quot;hello&quot;;
echo&nbsp;&quot;hello&quot;;
echo&nbsp;&quot;hello&quot;;
echo&nbsp;&quot;hello&quot;;
echo&nbsp;&quot;hello&quot;;
echo&nbsp;&quot;hello&quot;;
echo&nbsp;&quot;hello&quot;;
echo&nbsp;&quot;hello&quot;;
echo&nbsp;&quot;hello&quot;;
echo&nbsp;&quot;hello&quot;;
echo&nbsp;&quot;hello&quot;;
echo&nbsp;&quot;hello&quot;;
echo&nbsp;&quot;hello&quot;;
echo&nbsp;&quot;hello&quot;;
echo&nbsp;&quot;hello&quot;;
echo&nbsp;&quot;hello&quot;;
echo&nbsp;&quot;hello&quot;;
echo&nbsp;&quot;hello&quot;;
echo&nbsp;&quot;hello&quot;;
echo&nbsp;&quot;hello&quot;;
echo&nbsp;&quot;hello&quot;;
echo&nbsp;&quot;hello&quot;;
echo&nbsp;&quot;hello&quot;;
echo&nbsp;&quot;hello&quot;;
echo&nbsp;&quot;hello&quot;;
echo&nbsp;&quot;hello&quot;;
echo&nbsp;&quot;hello&quot;;
echo&nbsp;&quot;hello&quot;;
echo&nbsp;&quot;hello&quot;;
echo&nbsp;&quot;hello&quot;;
echo&nbsp;&quot;hello&quot;;
echo&nbsp;&quot;hello&quot;;
echo&nbsp;&quot;hello&quot;;
echo&nbsp;&quot;hello&quot;;
echo&nbsp;&quot;hello&quot;;
echo&nbsp;&quot;hello&quot;;
echo&nbsp;&quot;hello&quot;;
echo&nbsp;&quot;hello&quot;;
echo&nbsp;&quot;hello&quot;;
echo&nbsp;&quot;hello&quot;;
echo&nbsp;&quot;hello&quot;;
echo&nbsp;&quot;hello&quot;;
echo&nbsp;&quot;hello&quot;;
echo&nbsp;&quot;hello&quot;;
echo&nbsp;&quot;hello&quot;;
echo&nbsp;&quot;hello&quot;;
echo&nbsp;&quot;hello&quot;;
echo&nbsp;&quot;hello&quot;;
echo&nbsp;&quot;hello&quot;;
echo&nbsp;&quot;hello&quot;;
echo&nbsp;&quot;hello&quot;;
?&gt;</pre><p><br/></p><p>sdfasdf asdfasdf</p>',`title`='asdf ',`speaker`='asdf',`job`='asdf',`from`='asdf',`author`='asdf',`position`='asdf',`time`='2017-08-07',`thumbimg`='20170824/599e50ea7a084.png' WHERE ( caid=21 ) [ RunTime:0.0010s ]
INFO: [ app_end ] --START--
INFO: Run Behavior\ShowPageTraceBehavior [ RunTime:0.001000s ]
INFO: [ app_end ] --END-- [ RunTime:0.002000s ]

