[ 2018-01-08T11:55:44+08:00 ] 127.0.0.1 /index.php/admin
INFO: [ app_init ] --START--
INFO: Run Behavior\BuildLiteBehavior [ RunTime:0.001000s ]
INFO: [ app_init ] --END-- [ RunTime:0.001000s ]
INFO: [ app_begin ] --START--
INFO: Run Behavior\ReadHtmlCacheBehavior [ RunTime:0.001000s ]
INFO: [ app_begin ] --END-- [ RunTime:0.001000s ]

[ 2018-01-08T11:55:44+08:00 ] 127.0.0.1 /index.php/Admin/login/login.html
INFO: [ app_init ] --START--
INFO: Run Behavior\BuildLiteBehavior [ RunTime:0.000000s ]
INFO: [ app_init ] --END-- [ RunTime:0.000000s ]
INFO: [ app_begin ] --START--
INFO: Run Behavior\ReadHtmlCacheBehavior [ RunTime:0.001000s ]
INFO: [ app_begin ] --END-- [ RunTime:0.001000s ]
INFO: [ view_parse ] --START--
INFO: [ template_filter ] --START--
INFO: Run Behavior\ContentReplaceBehavior [ RunTime:0.000000s ]
INFO: [ template_filter ] --END-- [ RunTime:0.000000s ]
INFO: Run Behavior\ParseTemplateBehavior [ RunTime:0.028002s ]
INFO: [ view_parse ] --END-- [ RunTime:0.028002s ]
INFO: [ view_filter ] --START--
INFO: Run Behavior\WriteHtmlCacheBehavior [ RunTime:0.000000s ]
INFO: [ view_filter ] --END-- [ RunTime:0.000000s ]
INFO: [ app_end ] --START--
INFO: Run Behavior\ShowPageTraceBehavior [ RunTime:0.001000s ]
INFO: [ app_end ] --END-- [ RunTime:0.001000s ]

[ 2018-01-08T11:55:52+08:00 ] 127.0.0.1 /index.php/Admin/Login/login
INFO: [ app_init ] --START--
INFO: Run Behavior\BuildLiteBehavior [ RunTime:0.000000s ]
INFO: [ app_init ] --END-- [ RunTime:0.001000s ]
INFO: [ app_begin ] --START--
INFO: Run Behavior\ReadHtmlCacheBehavior [ RunTime:0.001000s ]
INFO: [ app_begin ] --END-- [ RunTime:0.001000s ]
SQL: SHOW COLUMNS FROM `zcxy_admin` [ RunTime:0.0690s ]
SQL: SELECT * FROM `zcxy_admin` WHERE ( adminusername='webadmin' and password='webadmin' ) LIMIT 1   [ RunTime:0.0000s ]
SQL: UPDATE `zcxy_admin` SET `lastlogin`='2018-01-08 11:55:52',`lastip`='127.0.0.1',`logintime`='61' WHERE ( adminusername='webadmin' and password='webadmin' ) [ RunTime:0.0010s ]
INFO: [ app_end ] --START--
INFO: Run Behavior\ShowPageTraceBehavior [ RunTime:0.000000s ]
INFO: [ app_end ] --END-- [ RunTime:0.000000s ]

[ 2018-01-08T11:55:52+08:00 ] 127.0.0.1 /index.php/Admin/Index/index
INFO: [ app_init ] --START--
INFO: Run Behavior\BuildLiteBehavior [ RunTime:0.000000s ]
INFO: [ app_init ] --END-- [ RunTime:0.000000s ]
INFO: [ app_begin ] --START--
INFO: Run Behavior\ReadHtmlCacheBehavior [ RunTime:0.001000s ]
INFO: [ app_begin ] --END-- [ RunTime:0.001000s ]
INFO: [ view_parse ] --START--
INFO: [ template_filter ] --START--
INFO: Run Behavior\ContentReplaceBehavior [ RunTime:0.001000s ]
INFO: [ template_filter ] --END-- [ RunTime:0.001000s ]
INFO: Run Behavior\ParseTemplateBehavior [ RunTime:0.079005s ]
INFO: [ view_parse ] --END-- [ RunTime:0.079005s ]
INFO: [ view_filter ] --START--
INFO: Run Behavior\WriteHtmlCacheBehavior [ RunTime:0.001000s ]
INFO: [ view_filter ] --END-- [ RunTime:0.001000s ]
INFO: [ app_end ] --START--
INFO: Run Behavior\ShowPageTraceBehavior [ RunTime:0.004000s ]
INFO: [ app_end ] --END-- [ RunTime:0.004000s ]

[ 2018-01-08T11:55:52+08:00 ] 127.0.0.1 /index.php/Admin/Index/welcome
INFO: [ app_init ] --START--
INFO: Run Behavior\BuildLiteBehavior [ RunTime:0.000000s ]
INFO: [ app_init ] --END-- [ RunTime:0.000000s ]
INFO: [ app_begin ] --START--
INFO: Run Behavior\ReadHtmlCacheBehavior [ RunTime:0.000000s ]
INFO: [ app_begin ] --END-- [ RunTime:0.000000s ]
INFO: [ view_parse ] --START--
INFO: [ template_filter ] --START--
INFO: Run Behavior\ContentReplaceBehavior [ RunTime:0.000000s ]
INFO: [ template_filter ] --END-- [ RunTime:0.000000s ]
INFO: Run Behavior\ParseTemplateBehavior [ RunTime:0.032002s ]
INFO: [ view_parse ] --END-- [ RunTime:0.032002s ]
INFO: [ view_filter ] --START--
INFO: Run Behavior\WriteHtmlCacheBehavior [ RunTime:0.000000s ]
INFO: [ view_filter ] --END-- [ RunTime:0.000000s ]
INFO: [ app_end ] --START--
INFO: Run Behavior\ShowPageTraceBehavior [ RunTime:0.001000s ]
INFO: [ app_end ] --END-- [ RunTime:0.001000s ]

[ 2018-01-08T11:55:56+08:00 ] 127.0.0.1 /index.php/Admin/Case/articleList
INFO: [ app_init ] --START--
INFO: Run Behavior\BuildLiteBehavior [ RunTime:0.000000s ]
INFO: [ app_init ] --END-- [ RunTime:0.001001s ]
INFO: [ app_begin ] --START--
INFO: Run Behavior\ReadHtmlCacheBehavior [ RunTime:0.001000s ]
INFO: [ app_begin ] --END-- [ RunTime:0.001000s ]
SQL: SHOW COLUMNS FROM `zcxy_case` [ RunTime:0.0390s ]
SQL: SELECT `caid`,`title`,`position`,`status`,`speaker`,`from`,`time` FROM `zcxy_case` ORDER BY orderid desc  [ RunTime:0.0230s ]
INFO: [ view_parse ] --START--
INFO: [ template_filter ] --START--
INFO: Run Behavior\ContentReplaceBehavior [ RunTime:0.000000s ]
INFO: [ template_filter ] --END-- [ RunTime:0.000000s ]
NOTIC: [8] Undefined variable: v1 D:\xampp\htdocs\ZCXYCode\Runtime\Cache\Admin\7bda2456dc36b1c8770ebf5baeaafff5.php 第 55 行.
NOTIC: [8] Undefined variable: v1 D:\xampp\htdocs\ZCXYCode\Runtime\Cache\Admin\7bda2456dc36b1c8770ebf5baeaafff5.php 第 55 行.
NOTIC: [8] Undefined variable: v1 D:\xampp\htdocs\ZCXYCode\Runtime\Cache\Admin\7bda2456dc36b1c8770ebf5baeaafff5.php 第 55 行.
NOTIC: [8] Undefined variable: v1 D:\xampp\htdocs\ZCXYCode\Runtime\Cache\Admin\7bda2456dc36b1c8770ebf5baeaafff5.php 第 55 行.
NOTIC: [8] Undefined variable: v1 D:\xampp\htdocs\ZCXYCode\Runtime\Cache\Admin\7bda2456dc36b1c8770ebf5baeaafff5.php 第 55 行.
NOTIC: [8] Undefined variable: v1 D:\xampp\htdocs\ZCXYCode\Runtime\Cache\Admin\7bda2456dc36b1c8770ebf5baeaafff5.php 第 55 行.
NOTIC: [8] Undefined variable: v1 D:\xampp\htdocs\ZCXYCode\Runtime\Cache\Admin\7bda2456dc36b1c8770ebf5baeaafff5.php 第 55 行.
NOTIC: [8] Undefined variable: v1 D:\xampp\htdocs\ZCXYCode\Runtime\Cache\Admin\7bda2456dc36b1c8770ebf5baeaafff5.php 第 55 行.
NOTIC: [8] Undefined variable: v1 D:\xampp\htdocs\ZCXYCode\Runtime\Cache\Admin\7bda2456dc36b1c8770ebf5baeaafff5.php 第 55 行.
NOTIC: [8] Undefined variable: v1 D:\xampp\htdocs\ZCXYCode\Runtime\Cache\Admin\7bda2456dc36b1c8770ebf5baeaafff5.php 第 55 行.
NOTIC: [8] Undefined variable: v1 D:\xampp\htdocs\ZCXYCode\Runtime\Cache\Admin\7bda2456dc36b1c8770ebf5baeaafff5.php 第 55 行.
NOTIC: [8] Undefined variable: v1 D:\xampp\htdocs\ZCXYCode\Runtime\Cache\Admin\7bda2456dc36b1c8770ebf5baeaafff5.php 第 55 行.
NOTIC: [8] Undefined variable: v1 D:\xampp\htdocs\ZCXYCode\Runtime\Cache\Admin\7bda2456dc36b1c8770ebf5baeaafff5.php 第 55 行.
NOTIC: [8] Undefined variable: v1 D:\xampp\htdocs\ZCXYCode\Runtime\Cache\Admin\7bda2456dc36b1c8770ebf5baeaafff5.php 第 55 行.
NOTIC: [8] Undefined variable: v1 D:\xampp\htdocs\ZCXYCode\Runtime\Cache\Admin\7bda2456dc36b1c8770ebf5baeaafff5.php 第 55 行.
NOTIC: [8] Undefined variable: v1 D:\xampp\htdocs\ZCXYCode\Runtime\Cache\Admin\7bda2456dc36b1c8770ebf5baeaafff5.php 第 55 行.
NOTIC: [8] Undefined variable: v1 D:\xampp\htdocs\ZCXYCode\Runtime\Cache\Admin\7bda2456dc36b1c8770ebf5baeaafff5.php 第 55 行.
NOTIC: [8] Undefined variable: v1 D:\xampp\htdocs\ZCXYCode\Runtime\Cache\Admin\7bda2456dc36b1c8770ebf5baeaafff5.php 第 55 行.
NOTIC: [8] Undefined variable: v1 D:\xampp\htdocs\ZCXYCode\Runtime\Cache\Admin\7bda2456dc36b1c8770ebf5baeaafff5.php 第 55 行.
INFO: Run Behavior\ParseTemplateBehavior [ RunTime:0.017001s ]
INFO: [ view_parse ] --END-- [ RunTime:0.017001s ]
INFO: [ view_filter ] --START--
INFO: Run Behavior\WriteHtmlCacheBehavior [ RunTime:0.000000s ]
INFO: [ view_filter ] --END-- [ RunTime:0.000000s ]
INFO: [ app_end ] --START--
INFO: Run Behavior\ShowPageTraceBehavior [ RunTime:0.001000s ]
INFO: [ app_end ] --END-- [ RunTime:0.001000s ]

[ 2018-01-08T11:55:58+08:00 ] 127.0.0.1 /index.php/Admin/View/articleList
INFO: [ app_init ] --START--
INFO: Run Behavior\BuildLiteBehavior [ RunTime:0.000000s ]
INFO: [ app_init ] --END-- [ RunTime:0.000000s ]
INFO: [ app_begin ] --START--
INFO: Run Behavior\ReadHtmlCacheBehavior [ RunTime:0.000000s ]
INFO: [ app_begin ] --END-- [ RunTime:0.000000s ]
SQL: SHOW COLUMNS FROM `zcxy_view` [ RunTime:0.0070s ]
SQL: SELECT `vied`,`title`,`class`,`status`,`author`,`from`,`time` FROM `zcxy_view` ORDER BY orderid desc  [ RunTime:0.0010s ]
INFO: [ view_parse ] --START--
INFO: [ template_filter ] --START--
INFO: Run Behavior\ContentReplaceBehavior [ RunTime:0.000000s ]
INFO: [ template_filter ] --END-- [ RunTime:0.000000s ]
NOTIC: [8] Undefined variable: v1 D:\xampp\htdocs\ZCXYCode\Runtime\Cache\Admin\4ee8865a10eb27aebe823c0f196ed6ef.php 第 55 行.
NOTIC: [8] Undefined variable: v1 D:\xampp\htdocs\ZCXYCode\Runtime\Cache\Admin\4ee8865a10eb27aebe823c0f196ed6ef.php 第 55 行.
NOTIC: [8] Undefined variable: v1 D:\xampp\htdocs\ZCXYCode\Runtime\Cache\Admin\4ee8865a10eb27aebe823c0f196ed6ef.php 第 55 行.
NOTIC: [8] Undefined variable: v1 D:\xampp\htdocs\ZCXYCode\Runtime\Cache\Admin\4ee8865a10eb27aebe823c0f196ed6ef.php 第 55 行.
NOTIC: [8] Undefined variable: v1 D:\xampp\htdocs\ZCXYCode\Runtime\Cache\Admin\4ee8865a10eb27aebe823c0f196ed6ef.php 第 55 行.
NOTIC: [8] Undefined variable: v1 D:\xampp\htdocs\ZCXYCode\Runtime\Cache\Admin\4ee8865a10eb27aebe823c0f196ed6ef.php 第 55 行.
NOTIC: [8] Undefined variable: v1 D:\xampp\htdocs\ZCXYCode\Runtime\Cache\Admin\4ee8865a10eb27aebe823c0f196ed6ef.php 第 55 行.
NOTIC: [8] Undefined variable: v1 D:\xampp\htdocs\ZCXYCode\Runtime\Cache\Admin\4ee8865a10eb27aebe823c0f196ed6ef.php 第 55 行.
NOTIC: [8] Undefined variable: v1 D:\xampp\htdocs\ZCXYCode\Runtime\Cache\Admin\4ee8865a10eb27aebe823c0f196ed6ef.php 第 55 行.
NOTIC: [8] Undefined variable: v1 D:\xampp\htdocs\ZCXYCode\Runtime\Cache\Admin\4ee8865a10eb27aebe823c0f196ed6ef.php 第 55 行.
NOTIC: [8] Undefined variable: v1 D:\xampp\htdocs\ZCXYCode\Runtime\Cache\Admin\4ee8865a10eb27aebe823c0f196ed6ef.php 第 55 行.
NOTIC: [8] Undefined variable: v1 D:\xampp\htdocs\ZCXYCode\Runtime\Cache\Admin\4ee8865a10eb27aebe823c0f196ed6ef.php 第 55 行.
NOTIC: [8] Undefined variable: v1 D:\xampp\htdocs\ZCXYCode\Runtime\Cache\Admin\4ee8865a10eb27aebe823c0f196ed6ef.php 第 55 行.
NOTIC: [8] Undefined variable: v1 D:\xampp\htdocs\ZCXYCode\Runtime\Cache\Admin\4ee8865a10eb27aebe823c0f196ed6ef.php 第 55 行.
NOTIC: [8] Undefined variable: v1 D:\xampp\htdocs\ZCXYCode\Runtime\Cache\Admin\4ee8865a10eb27aebe823c0f196ed6ef.php 第 55 行.
NOTIC: [8] Undefined variable: v1 D:\xampp\htdocs\ZCXYCode\Runtime\Cache\Admin\4ee8865a10eb27aebe823c0f196ed6ef.php 第 55 行.
NOTIC: [8] Undefined variable: v1 D:\xampp\htdocs\ZCXYCode\Runtime\Cache\Admin\4ee8865a10eb27aebe823c0f196ed6ef.php 第 55 行.
NOTIC: [8] Undefined variable: v1 D:\xampp\htdocs\ZCXYCode\Runtime\Cache\Admin\4ee8865a10eb27aebe823c0f196ed6ef.php 第 55 行.
NOTIC: [8] Undefined variable: v1 D:\xampp\htdocs\ZCXYCode\Runtime\Cache\Admin\4ee8865a10eb27aebe823c0f196ed6ef.php 第 55 行.
NOTIC: [8] Undefined variable: v1 D:\xampp\htdocs\ZCXYCode\Runtime\Cache\Admin\4ee8865a10eb27aebe823c0f196ed6ef.php 第 55 行.
NOTIC: [8] Undefined variable: v1 D:\xampp\htdocs\ZCXYCode\Runtime\Cache\Admin\4ee8865a10eb27aebe823c0f196ed6ef.php 第 55 行.
NOTIC: [8] Undefined variable: v1 D:\xampp\htdocs\ZCXYCode\Runtime\Cache\Admin\4ee8865a10eb27aebe823c0f196ed6ef.php 第 55 行.
NOTIC: [8] Undefined variable: v1 D:\xampp\htdocs\ZCXYCode\Runtime\Cache\Admin\4ee8865a10eb27aebe823c0f196ed6ef.php 第 55 行.
NOTIC: [8] Undefined variable: v1 D:\xampp\htdocs\ZCXYCode\Runtime\Cache\Admin\4ee8865a10eb27aebe823c0f196ed6ef.php 第 55 行.
NOTIC: [8] Undefined variable: v1 D:\xampp\htdocs\ZCXYCode\Runtime\Cache\Admin\4ee8865a10eb27aebe823c0f196ed6ef.php 第 55 行.
NOTIC: [8] Undefined variable: v1 D:\xampp\htdocs\ZCXYCode\Runtime\Cache\Admin\4ee8865a10eb27aebe823c0f196ed6ef.php 第 55 行.
NOTIC: [8] Undefined variable: v1 D:\xampp\htdocs\ZCXYCode\Runtime\Cache\Admin\4ee8865a10eb27aebe823c0f196ed6ef.php 第 55 行.
NOTIC: [8] Undefined variable: v1 D:\xampp\htdocs\ZCXYCode\Runtime\Cache\Admin\4ee8865a10eb27aebe823c0f196ed6ef.php 第 55 行.
NOTIC: [8] Undefined variable: v1 D:\xampp\htdocs\ZCXYCode\Runtime\Cache\Admin\4ee8865a10eb27aebe823c0f196ed6ef.php 第 55 行.
NOTIC: [8] Undefined variable: v1 D:\xampp\htdocs\ZCXYCode\Runtime\Cache\Admin\4ee8865a10eb27aebe823c0f196ed6ef.php 第 55 行.
INFO: Run Behavior\ParseTemplateBehavior [ RunTime:0.018001s ]
INFO: [ view_parse ] --END-- [ RunTime:0.018001s ]
INFO: [ view_filter ] --START--
INFO: Run Behavior\WriteHtmlCacheBehavior [ RunTime:0.000000s ]
INFO: [ view_filter ] --END-- [ RunTime:0.000000s ]
INFO: [ app_end ] --START--
INFO: Run Behavior\ShowPageTraceBehavior [ RunTime:0.001000s ]
INFO: [ app_end ] --END-- [ RunTime:0.001000s ]

[ 2018-01-08T11:56:02+08:00 ] 127.0.0.1 /index.php/Admin/Enroll/enrollList
INFO: [ app_init ] --START--
INFO: Run Behavior\BuildLiteBehavior [ RunTime:0.000000s ]
INFO: [ app_init ] --END-- [ RunTime:0.001000s ]
INFO: [ app_begin ] --START--
INFO: Run Behavior\ReadHtmlCacheBehavior [ RunTime:0.000000s ]
INFO: [ app_begin ] --END-- [ RunTime:0.000000s ]
SQL: SHOW COLUMNS FROM `zcxy_enroll` [ RunTime:0.1180s ]
SQL: SELECT * FROM `zcxy_enroll` ORDER BY enid desc  [ RunTime:0.0130s ]
INFO: [ view_parse ] --START--
INFO: [ template_filter ] --START--
INFO: Run Behavior\ContentReplaceBehavior [ RunTime:0.000000s ]
INFO: [ template_filter ] --END-- [ RunTime:0.000000s ]
INFO: Run Behavior\ParseTemplateBehavior [ RunTime:0.027002s ]
INFO: [ view_parse ] --END-- [ RunTime:0.027002s ]
INFO: [ view_filter ] --START--
INFO: Run Behavior\WriteHtmlCacheBehavior [ RunTime:0.001000s ]
INFO: [ view_filter ] --END-- [ RunTime:0.001000s ]
INFO: [ app_end ] --START--
INFO: Run Behavior\ShowPageTraceBehavior [ RunTime:0.001000s ]
INFO: [ app_end ] --END-- [ RunTime:0.001000s ]

[ 2018-01-08T11:56:21+08:00 ] 127.0.0.1 /index.php/Admin/Users/adminEdit
INFO: [ app_init ] --START--
INFO: Run Behavior\BuildLiteBehavior [ RunTime:0.000000s ]
INFO: [ app_init ] --END-- [ RunTime:0.001000s ]
INFO: [ app_begin ] --START--
INFO: Run Behavior\ReadHtmlCacheBehavior [ RunTime:0.001000s ]
INFO: [ app_begin ] --END-- [ RunTime:0.001000s ]
INFO: [ view_parse ] --START--
INFO: [ template_filter ] --START--
INFO: Run Behavior\ContentReplaceBehavior [ RunTime:0.000000s ]
INFO: [ template_filter ] --END-- [ RunTime:0.001000s ]
INFO: Run Behavior\ParseTemplateBehavior [ RunTime:0.036002s ]
INFO: [ view_parse ] --END-- [ RunTime:0.036002s ]
INFO: [ view_filter ] --START--
INFO: Run Behavior\WriteHtmlCacheBehavior [ RunTime:0.001000s ]
INFO: [ view_filter ] --END-- [ RunTime:0.001000s ]
INFO: [ app_end ] --START--
INFO: Run Behavior\ShowPageTraceBehavior [ RunTime:0.001000s ]
INFO: [ app_end ] --END-- [ RunTime:0.001000s ]

[ 2018-01-08T11:56:24+08:00 ] 127.0.0.1 /index.php/Admin/Users/adminShow
INFO: [ app_init ] --START--
INFO: Run Behavior\BuildLiteBehavior [ RunTime:0.000000s ]
INFO: [ app_init ] --END-- [ RunTime:0.000000s ]
INFO: [ app_begin ] --START--
INFO: Run Behavior\ReadHtmlCacheBehavior [ RunTime:0.001000s ]
INFO: [ app_begin ] --END-- [ RunTime:0.001000s ]
INFO: [ view_parse ] --START--
INFO: [ template_filter ] --START--
INFO: Run Behavior\ContentReplaceBehavior [ RunTime:0.000000s ]
INFO: [ template_filter ] --END-- [ RunTime:0.000000s ]
INFO: Run Behavior\ParseTemplateBehavior [ RunTime:0.009001s ]
INFO: [ view_parse ] --END-- [ RunTime:0.009001s ]
INFO: [ view_filter ] --START--
INFO: Run Behavior\WriteHtmlCacheBehavior [ RunTime:0.000000s ]
INFO: [ view_filter ] --END-- [ RunTime:0.000000s ]
INFO: [ app_end ] --START--
INFO: Run Behavior\ShowPageTraceBehavior [ RunTime:0.001000s ]
INFO: [ app_end ] --END-- [ RunTime:0.001000s ]

