[ 2018-01-16T17:27:21+08:00 ] 127.0.0.1 /index.php/admin
INFO: [ app_init ] --START--
INFO: Run Behavior\BuildLiteBehavior [ RunTime:0.000000s ]
INFO: [ app_init ] --END-- [ RunTime:0.000000s ]
INFO: [ app_begin ] --START--
INFO: Run Behavior\ReadHtmlCacheBehavior [ RunTime:0.001000s ]
INFO: [ app_begin ] --END-- [ RunTime:0.001000s ]

[ 2018-01-16T17:27:21+08:00 ] 127.0.0.1 /index.php/Admin/login/login.html
INFO: [ app_init ] --START--
INFO: Run Behavior\BuildLiteBehavior [ RunTime:0.000000s ]
INFO: [ app_init ] --END-- [ RunTime:0.000000s ]
INFO: [ app_begin ] --START--
INFO: Run Behavior\ReadHtmlCacheBehavior [ RunTime:0.001000s ]
INFO: [ app_begin ] --END-- [ RunTime:0.001000s ]
INFO: [ view_parse ] --START--
INFO: [ template_filter ] --START--
INFO: Run Behavior\ContentReplaceBehavior [ RunTime:0.000000s ]
INFO: [ template_filter ] --END-- [ RunTime:0.000000s ]
INFO: Run Behavior\ParseTemplateBehavior [ RunTime:0.017000s ]
INFO: [ view_parse ] --END-- [ RunTime:0.017000s ]
INFO: [ view_filter ] --START--
INFO: Run Behavior\WriteHtmlCacheBehavior [ RunTime:0.001001s ]
INFO: [ view_filter ] --END-- [ RunTime:0.001001s ]
INFO: [ app_end ] --START--
INFO: Run Behavior\ShowPageTraceBehavior [ RunTime:0.001000s ]
INFO: [ app_end ] --END-- [ RunTime:0.001000s ]

[ 2018-01-16T17:27:29+08:00 ] 127.0.0.1 /index.php/Admin/Login/login
INFO: [ app_init ] --START--
INFO: Run Behavior\BuildLiteBehavior [ RunTime:0.000000s ]
INFO: [ app_init ] --END-- [ RunTime:0.001000s ]
INFO: [ app_begin ] --START--
INFO: Run Behavior\ReadHtmlCacheBehavior [ RunTime:0.001000s ]
INFO: [ app_begin ] --END-- [ RunTime:0.001000s ]
SQL: SHOW COLUMNS FROM `zcxy_admin` [ RunTime:0.0610s ]
SQL: SELECT * FROM `zcxy_admin` WHERE ( adminusername='webadmin' and password='webadmin' ) LIMIT 1   [ RunTime:0.0000s ]
SQL: UPDATE `zcxy_admin` SET `lastlogin`='2018-01-16 17:27:29',`lastip`='127.0.0.1',`logintime`='62' WHERE ( adminusername='webadmin' and password='webadmin' ) [ RunTime:0.0000s ]
INFO: [ app_end ] --START--
INFO: Run Behavior\ShowPageTraceBehavior [ RunTime:0.001000s ]
INFO: [ app_end ] --END-- [ RunTime:0.001000s ]

[ 2018-01-16T17:27:30+08:00 ] 127.0.0.1 /index.php/Admin/Index/index
INFO: [ app_init ] --START--
INFO: Run Behavior\BuildLiteBehavior [ RunTime:0.000000s ]
INFO: [ app_init ] --END-- [ RunTime:0.000000s ]
INFO: [ app_begin ] --START--
INFO: Run Behavior\ReadHtmlCacheBehavior [ RunTime:0.000000s ]
INFO: [ app_begin ] --END-- [ RunTime:0.000000s ]
INFO: [ view_parse ] --START--
INFO: [ template_filter ] --START--
INFO: Run Behavior\ContentReplaceBehavior [ RunTime:0.000000s ]
INFO: [ template_filter ] --END-- [ RunTime:0.000000s ]
INFO: Run Behavior\ParseTemplateBehavior [ RunTime:0.034002s ]
INFO: [ view_parse ] --END-- [ RunTime:0.034002s ]
INFO: [ view_filter ] --START--
INFO: Run Behavior\WriteHtmlCacheBehavior [ RunTime:0.001000s ]
INFO: [ view_filter ] --END-- [ RunTime:0.001000s ]
INFO: [ app_end ] --START--
INFO: Run Behavior\ShowPageTraceBehavior [ RunTime:0.001001s ]
INFO: [ app_end ] --END-- [ RunTime:0.001001s ]

[ 2018-01-16T17:27:30+08:00 ] 127.0.0.1 /index.php/Admin/Index/welcome
INFO: [ app_init ] --START--
INFO: Run Behavior\BuildLiteBehavior [ RunTime:0.000000s ]
INFO: [ app_init ] --END-- [ RunTime:0.000000s ]
INFO: [ app_begin ] --START--
INFO: Run Behavior\ReadHtmlCacheBehavior [ RunTime:0.001000s ]
INFO: [ app_begin ] --END-- [ RunTime:0.001000s ]
INFO: [ view_parse ] --START--
INFO: [ template_filter ] --START--
INFO: Run Behavior\ContentReplaceBehavior [ RunTime:0.000000s ]
INFO: [ template_filter ] --END-- [ RunTime:0.000000s ]
INFO: Run Behavior\ParseTemplateBehavior [ RunTime:0.009001s ]
INFO: [ view_parse ] --END-- [ RunTime:0.010001s ]
INFO: [ view_filter ] --START--
INFO: Run Behavior\WriteHtmlCacheBehavior [ RunTime:0.001000s ]
INFO: [ view_filter ] --END-- [ RunTime:0.001000s ]
INFO: [ app_end ] --START--
INFO: Run Behavior\ShowPageTraceBehavior [ RunTime:0.001000s ]
INFO: [ app_end ] --END-- [ RunTime:0.001000s ]

[ 2018-01-16T17:27:33+08:00 ] 127.0.0.1 /index.php/Admin/Teacher/memberList
INFO: [ app_init ] --START--
INFO: Run Behavior\BuildLiteBehavior [ RunTime:0.000000s ]
INFO: [ app_init ] --END-- [ RunTime:0.001000s ]
INFO: [ app_begin ] --START--
INFO: Run Behavior\ReadHtmlCacheBehavior [ RunTime:0.000000s ]
INFO: [ app_begin ] --END-- [ RunTime:0.000000s ]
SQL: SHOW COLUMNS FROM `zcxy_teacher` [ RunTime:0.0180s ]
SQL: SELECT * FROM `zcxy_teacher` ORDER BY orderid asc,teid asc  [ RunTime:0.0010s ]
INFO: [ view_parse ] --START--
INFO: [ template_filter ] --START--
INFO: Run Behavior\ContentReplaceBehavior [ RunTime:0.000000s ]
INFO: [ template_filter ] --END-- [ RunTime:0.000000s ]
INFO: Run Behavior\ParseTemplateBehavior [ RunTime:0.034002s ]
INFO: [ view_parse ] --END-- [ RunTime:0.034002s ]
INFO: [ view_filter ] --START--
INFO: Run Behavior\WriteHtmlCacheBehavior [ RunTime:0.001000s ]
INFO: [ view_filter ] --END-- [ RunTime:0.001000s ]
INFO: [ app_end ] --START--
INFO: Run Behavior\ShowPageTraceBehavior [ RunTime:0.001000s ]
INFO: [ app_end ] --END-- [ RunTime:0.001000s ]

[ 2018-01-16T17:27:35+08:00 ] 127.0.0.1 /index.php/Admin/Student/memberList
INFO: [ app_init ] --START--
INFO: Run Behavior\BuildLiteBehavior [ RunTime:0.000000s ]
INFO: [ app_init ] --END-- [ RunTime:0.000000s ]
INFO: [ app_begin ] --START--
INFO: Run Behavior\ReadHtmlCacheBehavior [ RunTime:0.001000s ]
INFO: [ app_begin ] --END-- [ RunTime:0.001000s ]
SQL: SHOW COLUMNS FROM `zcxy_student` [ RunTime:0.0690s ]
SQL: SELECT * FROM `zcxy_student` ORDER BY orderid asc,stid asc  [ RunTime:0.0010s ]
INFO: [ view_parse ] --START--
INFO: [ template_filter ] --START--
INFO: Run Behavior\ContentReplaceBehavior [ RunTime:0.000000s ]
INFO: [ template_filter ] --END-- [ RunTime:0.000000s ]
INFO: Run Behavior\ParseTemplateBehavior [ RunTime:0.009000s ]
INFO: [ view_parse ] --END-- [ RunTime:0.009000s ]
INFO: [ view_filter ] --START--
INFO: Run Behavior\WriteHtmlCacheBehavior [ RunTime:0.001000s ]
INFO: [ view_filter ] --END-- [ RunTime:0.001000s ]
INFO: [ app_end ] --START--
INFO: Run Behavior\ShowPageTraceBehavior [ RunTime:0.001000s ]
INFO: [ app_end ] --END-- [ RunTime:0.001000s ]

[ 2018-01-16T17:39:14+08:00 ] 127.0.0.1 /index.php/Admin/Enroll/enrollList
INFO: [ app_init ] --START--
INFO: Run Behavior\BuildLiteBehavior [ RunTime:0.000000s ]
INFO: [ app_init ] --END-- [ RunTime:0.000000s ]
INFO: [ app_begin ] --START--
INFO: Run Behavior\ReadHtmlCacheBehavior [ RunTime:0.002000s ]
INFO: [ app_begin ] --END-- [ RunTime:0.002000s ]
SQL: SHOW COLUMNS FROM `zcxy_enroll` [ RunTime:0.0980s ]
SQL: SELECT * FROM `zcxy_enroll` ORDER BY enid desc  [ RunTime:0.0130s ]
INFO: [ view_parse ] --START--
INFO: [ template_filter ] --START--
INFO: Run Behavior\ContentReplaceBehavior [ RunTime:0.000000s ]
INFO: [ template_filter ] --END-- [ RunTime:0.000000s ]
INFO: Run Behavior\ParseTemplateBehavior [ RunTime:0.051003s ]
INFO: [ view_parse ] --END-- [ RunTime:0.051003s ]
INFO: [ view_filter ] --START--
INFO: Run Behavior\WriteHtmlCacheBehavior [ RunTime:0.000000s ]
INFO: [ view_filter ] --END-- [ RunTime:0.000000s ]
INFO: [ app_end ] --START--
INFO: Run Behavior\ShowPageTraceBehavior [ RunTime:0.000000s ]
INFO: [ app_end ] --END-- [ RunTime:0.001000s ]

[ 2018-01-16T17:39:18+08:00 ] 127.0.0.1 /index.php/Admin/About/editContent?abid=1
INFO: [ app_init ] --START--
INFO: Run Behavior\BuildLiteBehavior [ RunTime:0.000000s ]
INFO: [ app_init ] --END-- [ RunTime:0.000000s ]
INFO: [ app_begin ] --START--
INFO: Run Behavior\ReadHtmlCacheBehavior [ RunTime:0.001000s ]
INFO: [ app_begin ] --END-- [ RunTime:0.001000s ]
SQL: SHOW COLUMNS FROM `zcxy_about` [ RunTime:0.1210s ]
SQL: SELECT * FROM `zcxy_about` WHERE ( abid=1 ) LIMIT 1   [ RunTime:0.0340s ]
INFO: [ view_parse ] --START--
INFO: [ template_filter ] --START--
INFO: Run Behavior\ContentReplaceBehavior [ RunTime:0.000000s ]
INFO: [ template_filter ] --END-- [ RunTime:0.000000s ]
INFO: Run Behavior\ParseTemplateBehavior [ RunTime:0.009001s ]
INFO: [ view_parse ] --END-- [ RunTime:0.009001s ]
INFO: [ view_filter ] --START--
INFO: Run Behavior\WriteHtmlCacheBehavior [ RunTime:0.001000s ]
INFO: [ view_filter ] --END-- [ RunTime:0.001000s ]
INFO: [ app_end ] --START--
INFO: Run Behavior\ShowPageTraceBehavior [ RunTime:0.001000s ]
INFO: [ app_end ] --END-- [ RunTime:0.001000s ]

[ 2018-01-16T17:50:54+08:00 ] 127.0.0.1 /index.php/Admin/Index/index
INFO: [ app_init ] --START--
INFO: Run Behavior\BuildLiteBehavior [ RunTime:0.000000s ]
INFO: [ app_init ] --END-- [ RunTime:0.000000s ]
INFO: [ app_begin ] --START--
INFO: Run Behavior\ReadHtmlCacheBehavior [ RunTime:0.001000s ]
INFO: [ app_begin ] --END-- [ RunTime:0.001000s ]
INFO: [ view_parse ] --START--
INFO: [ template_filter ] --START--
INFO: Run Behavior\ContentReplaceBehavior [ RunTime:0.000000s ]
INFO: [ template_filter ] --END-- [ RunTime:0.000000s ]
INFO: Run Behavior\ParseTemplateBehavior [ RunTime:0.009001s ]
INFO: [ view_parse ] --END-- [ RunTime:0.009001s ]
INFO: [ view_filter ] --START--
INFO: Run Behavior\WriteHtmlCacheBehavior [ RunTime:0.000000s ]
INFO: [ view_filter ] --END-- [ RunTime:0.000000s ]
INFO: [ app_end ] --START--
INFO: Run Behavior\ShowPageTraceBehavior [ RunTime:0.001000s ]
INFO: [ app_end ] --END-- [ RunTime:0.002000s ]

[ 2018-01-16T17:50:54+08:00 ] 127.0.0.1 /index.php/Admin/Index/welcome
INFO: [ app_init ] --START--
INFO: Run Behavior\BuildLiteBehavior [ RunTime:0.000000s ]
INFO: [ app_init ] --END-- [ RunTime:0.000000s ]
INFO: [ app_begin ] --START--
INFO: Run Behavior\ReadHtmlCacheBehavior [ RunTime:0.001000s ]
INFO: [ app_begin ] --END-- [ RunTime:0.001000s ]
INFO: [ view_parse ] --START--
INFO: [ template_filter ] --START--
INFO: Run Behavior\ContentReplaceBehavior [ RunTime:0.000000s ]
INFO: [ template_filter ] --END-- [ RunTime:0.000000s ]
INFO: Run Behavior\ParseTemplateBehavior [ RunTime:0.011001s ]
INFO: [ view_parse ] --END-- [ RunTime:0.011001s ]
INFO: [ view_filter ] --START--
INFO: Run Behavior\WriteHtmlCacheBehavior [ RunTime:0.001000s ]
INFO: [ view_filter ] --END-- [ RunTime:0.001000s ]
INFO: [ app_end ] --START--
INFO: Run Behavior\ShowPageTraceBehavior [ RunTime:0.001000s ]
INFO: [ app_end ] --END-- [ RunTime:0.001000s ]

[ 2018-01-16T17:50:57+08:00 ] 127.0.0.1 /index.php/Admin/Case/articleList
INFO: [ app_init ] --START--
INFO: Run Behavior\BuildLiteBehavior [ RunTime:0.000000s ]
INFO: [ app_init ] --END-- [ RunTime:0.001001s ]
INFO: [ app_begin ] --START--
INFO: Run Behavior\ReadHtmlCacheBehavior [ RunTime:0.001000s ]
INFO: [ app_begin ] --END-- [ RunTime:0.001000s ]
SQL: SHOW COLUMNS FROM `zcxy_case` [ RunTime:0.0460s ]
SQL: SELECT `caid`,`title`,`position`,`status`,`speaker`,`from`,`time` FROM `zcxy_case` ORDER BY orderid desc  [ RunTime:0.0240s ]
INFO: [ view_parse ] --START--
INFO: [ template_filter ] --START--
INFO: Run Behavior\ContentReplaceBehavior [ RunTime:0.000000s ]
INFO: [ template_filter ] --END-- [ RunTime:0.000000s ]
NOTIC: [8] Undefined variable: v1 D:\xampp\htdocs\ZCXYCode\Runtime\Cache\Admin\7bda2456dc36b1c8770ebf5baeaafff5.php 第 55 行.
NOTIC: [8] Undefined variable: v1 D:\xampp\htdocs\ZCXYCode\Runtime\Cache\Admin\7bda2456dc36b1c8770ebf5baeaafff5.php 第 55 行.
NOTIC: [8] Undefined variable: v1 D:\xampp\htdocs\ZCXYCode\Runtime\Cache\Admin\7bda2456dc36b1c8770ebf5baeaafff5.php 第 55 行.
NOTIC: [8] Undefined variable: v1 D:\xampp\htdocs\ZCXYCode\Runtime\Cache\Admin\7bda2456dc36b1c8770ebf5baeaafff5.php 第 55 行.
NOTIC: [8] Undefined variable: v1 D:\xampp\htdocs\ZCXYCode\Runtime\Cache\Admin\7bda2456dc36b1c8770ebf5baeaafff5.php 第 55 行.
NOTIC: [8] Undefined variable: v1 D:\xampp\htdocs\ZCXYCode\Runtime\Cache\Admin\7bda2456dc36b1c8770ebf5baeaafff5.php 第 55 行.
NOTIC: [8] Undefined variable: v1 D:\xampp\htdocs\ZCXYCode\Runtime\Cache\Admin\7bda2456dc36b1c8770ebf5baeaafff5.php 第 55 行.
NOTIC: [8] Undefined variable: v1 D:\xampp\htdocs\ZCXYCode\Runtime\Cache\Admin\7bda2456dc36b1c8770ebf5baeaafff5.php 第 55 行.
NOTIC: [8] Undefined variable: v1 D:\xampp\htdocs\ZCXYCode\Runtime\Cache\Admin\7bda2456dc36b1c8770ebf5baeaafff5.php 第 55 行.
NOTIC: [8] Undefined variable: v1 D:\xampp\htdocs\ZCXYCode\Runtime\Cache\Admin\7bda2456dc36b1c8770ebf5baeaafff5.php 第 55 行.
NOTIC: [8] Undefined variable: v1 D:\xampp\htdocs\ZCXYCode\Runtime\Cache\Admin\7bda2456dc36b1c8770ebf5baeaafff5.php 第 55 行.
NOTIC: [8] Undefined variable: v1 D:\xampp\htdocs\ZCXYCode\Runtime\Cache\Admin\7bda2456dc36b1c8770ebf5baeaafff5.php 第 55 行.
NOTIC: [8] Undefined variable: v1 D:\xampp\htdocs\ZCXYCode\Runtime\Cache\Admin\7bda2456dc36b1c8770ebf5baeaafff5.php 第 55 行.
NOTIC: [8] Undefined variable: v1 D:\xampp\htdocs\ZCXYCode\Runtime\Cache\Admin\7bda2456dc36b1c8770ebf5baeaafff5.php 第 55 行.
NOTIC: [8] Undefined variable: v1 D:\xampp\htdocs\ZCXYCode\Runtime\Cache\Admin\7bda2456dc36b1c8770ebf5baeaafff5.php 第 55 行.
NOTIC: [8] Undefined variable: v1 D:\xampp\htdocs\ZCXYCode\Runtime\Cache\Admin\7bda2456dc36b1c8770ebf5baeaafff5.php 第 55 行.
NOTIC: [8] Undefined variable: v1 D:\xampp\htdocs\ZCXYCode\Runtime\Cache\Admin\7bda2456dc36b1c8770ebf5baeaafff5.php 第 55 行.
NOTIC: [8] Undefined variable: v1 D:\xampp\htdocs\ZCXYCode\Runtime\Cache\Admin\7bda2456dc36b1c8770ebf5baeaafff5.php 第 55 行.
NOTIC: [8] Undefined variable: v1 D:\xampp\htdocs\ZCXYCode\Runtime\Cache\Admin\7bda2456dc36b1c8770ebf5baeaafff5.php 第 55 行.
INFO: Run Behavior\ParseTemplateBehavior [ RunTime:0.011001s ]
INFO: [ view_parse ] --END-- [ RunTime:0.011001s ]
INFO: [ view_filter ] --START--
INFO: Run Behavior\WriteHtmlCacheBehavior [ RunTime:0.001000s ]
INFO: [ view_filter ] --END-- [ RunTime:0.001000s ]
INFO: [ app_end ] --START--
INFO: Run Behavior\ShowPageTraceBehavior [ RunTime:0.001000s ]
INFO: [ app_end ] --END-- [ RunTime:0.002000s ]

[ 2018-01-16T17:51:00+08:00 ] 127.0.0.1 /index.php/Admin/View/articleList
INFO: [ app_init ] --START--
INFO: Run Behavior\BuildLiteBehavior [ RunTime:0.000000s ]
INFO: [ app_init ] --END-- [ RunTime:0.001000s ]
INFO: [ app_begin ] --START--
INFO: Run Behavior\ReadHtmlCacheBehavior [ RunTime:0.001000s ]
INFO: [ app_begin ] --END-- [ RunTime:0.001000s ]
SQL: SHOW COLUMNS FROM `zcxy_view` [ RunTime:0.0070s ]
SQL: SELECT `vied`,`title`,`class`,`status`,`author`,`from`,`time` FROM `zcxy_view` ORDER BY orderid desc  [ RunTime:0.0010s ]
INFO: [ view_parse ] --START--
INFO: [ template_filter ] --START--
INFO: Run Behavior\ContentReplaceBehavior [ RunTime:0.000000s ]
INFO: [ template_filter ] --END-- [ RunTime:0.000000s ]
NOTIC: [8] Undefined variable: v1 D:\xampp\htdocs\ZCXYCode\Runtime\Cache\Admin\4ee8865a10eb27aebe823c0f196ed6ef.php 第 55 行.
NOTIC: [8] Undefined variable: v1 D:\xampp\htdocs\ZCXYCode\Runtime\Cache\Admin\4ee8865a10eb27aebe823c0f196ed6ef.php 第 55 行.
NOTIC: [8] Undefined variable: v1 D:\xampp\htdocs\ZCXYCode\Runtime\Cache\Admin\4ee8865a10eb27aebe823c0f196ed6ef.php 第 55 行.
NOTIC: [8] Undefined variable: v1 D:\xampp\htdocs\ZCXYCode\Runtime\Cache\Admin\4ee8865a10eb27aebe823c0f196ed6ef.php 第 55 行.
NOTIC: [8] Undefined variable: v1 D:\xampp\htdocs\ZCXYCode\Runtime\Cache\Admin\4ee8865a10eb27aebe823c0f196ed6ef.php 第 55 行.
NOTIC: [8] Undefined variable: v1 D:\xampp\htdocs\ZCXYCode\Runtime\Cache\Admin\4ee8865a10eb27aebe823c0f196ed6ef.php 第 55 行.
NOTIC: [8] Undefined variable: v1 D:\xampp\htdocs\ZCXYCode\Runtime\Cache\Admin\4ee8865a10eb27aebe823c0f196ed6ef.php 第 55 行.
NOTIC: [8] Undefined variable: v1 D:\xampp\htdocs\ZCXYCode\Runtime\Cache\Admin\4ee8865a10eb27aebe823c0f196ed6ef.php 第 55 行.
NOTIC: [8] Undefined variable: v1 D:\xampp\htdocs\ZCXYCode\Runtime\Cache\Admin\4ee8865a10eb27aebe823c0f196ed6ef.php 第 55 行.
NOTIC: [8] Undefined variable: v1 D:\xampp\htdocs\ZCXYCode\Runtime\Cache\Admin\4ee8865a10eb27aebe823c0f196ed6ef.php 第 55 行.
NOTIC: [8] Undefined variable: v1 D:\xampp\htdocs\ZCXYCode\Runtime\Cache\Admin\4ee8865a10eb27aebe823c0f196ed6ef.php 第 55 行.
NOTIC: [8] Undefined variable: v1 D:\xampp\htdocs\ZCXYCode\Runtime\Cache\Admin\4ee8865a10eb27aebe823c0f196ed6ef.php 第 55 行.
NOTIC: [8] Undefined variable: v1 D:\xampp\htdocs\ZCXYCode\Runtime\Cache\Admin\4ee8865a10eb27aebe823c0f196ed6ef.php 第 55 行.
NOTIC: [8] Undefined variable: v1 D:\xampp\htdocs\ZCXYCode\Runtime\Cache\Admin\4ee8865a10eb27aebe823c0f196ed6ef.php 第 55 行.
NOTIC: [8] Undefined variable: v1 D:\xampp\htdocs\ZCXYCode\Runtime\Cache\Admin\4ee8865a10eb27aebe823c0f196ed6ef.php 第 55 行.
NOTIC: [8] Undefined variable: v1 D:\xampp\htdocs\ZCXYCode\Runtime\Cache\Admin\4ee8865a10eb27aebe823c0f196ed6ef.php 第 55 行.
NOTIC: [8] Undefined variable: v1 D:\xampp\htdocs\ZCXYCode\Runtime\Cache\Admin\4ee8865a10eb27aebe823c0f196ed6ef.php 第 55 行.
NOTIC: [8] Undefined variable: v1 D:\xampp\htdocs\ZCXYCode\Runtime\Cache\Admin\4ee8865a10eb27aebe823c0f196ed6ef.php 第 55 行.
NOTIC: [8] Undefined variable: v1 D:\xampp\htdocs\ZCXYCode\Runtime\Cache\Admin\4ee8865a10eb27aebe823c0f196ed6ef.php 第 55 行.
NOTIC: [8] Undefined variable: v1 D:\xampp\htdocs\ZCXYCode\Runtime\Cache\Admin\4ee8865a10eb27aebe823c0f196ed6ef.php 第 55 行.
NOTIC: [8] Undefined variable: v1 D:\xampp\htdocs\ZCXYCode\Runtime\Cache\Admin\4ee8865a10eb27aebe823c0f196ed6ef.php 第 55 行.
NOTIC: [8] Undefined variable: v1 D:\xampp\htdocs\ZCXYCode\Runtime\Cache\Admin\4ee8865a10eb27aebe823c0f196ed6ef.php 第 55 行.
NOTIC: [8] Undefined variable: v1 D:\xampp\htdocs\ZCXYCode\Runtime\Cache\Admin\4ee8865a10eb27aebe823c0f196ed6ef.php 第 55 行.
NOTIC: [8] Undefined variable: v1 D:\xampp\htdocs\ZCXYCode\Runtime\Cache\Admin\4ee8865a10eb27aebe823c0f196ed6ef.php 第 55 行.
NOTIC: [8] Undefined variable: v1 D:\xampp\htdocs\ZCXYCode\Runtime\Cache\Admin\4ee8865a10eb27aebe823c0f196ed6ef.php 第 55 行.
NOTIC: [8] Undefined variable: v1 D:\xampp\htdocs\ZCXYCode\Runtime\Cache\Admin\4ee8865a10eb27aebe823c0f196ed6ef.php 第 55 行.
NOTIC: [8] Undefined variable: v1 D:\xampp\htdocs\ZCXYCode\Runtime\Cache\Admin\4ee8865a10eb27aebe823c0f196ed6ef.php 第 55 行.
NOTIC: [8] Undefined variable: v1 D:\xampp\htdocs\ZCXYCode\Runtime\Cache\Admin\4ee8865a10eb27aebe823c0f196ed6ef.php 第 55 行.
NOTIC: [8] Undefined variable: v1 D:\xampp\htdocs\ZCXYCode\Runtime\Cache\Admin\4ee8865a10eb27aebe823c0f196ed6ef.php 第 55 行.
NOTIC: [8] Undefined variable: v1 D:\xampp\htdocs\ZCXYCode\Runtime\Cache\Admin\4ee8865a10eb27aebe823c0f196ed6ef.php 第 55 行.
INFO: Run Behavior\ParseTemplateBehavior [ RunTime:0.010000s ]
INFO: [ view_parse ] --END-- [ RunTime:0.010000s ]
INFO: [ view_filter ] --START--
INFO: Run Behavior\WriteHtmlCacheBehavior [ RunTime:0.001001s ]
INFO: [ view_filter ] --END-- [ RunTime:0.001001s ]
INFO: [ app_end ] --START--
INFO: Run Behavior\ShowPageTraceBehavior [ RunTime:0.001000s ]
INFO: [ app_end ] --END-- [ RunTime:0.001000s ]

[ 2018-01-16T17:52:07+08:00 ] 127.0.0.1 /index.php/Admin/Index/index
INFO: [ app_init ] --START--
INFO: Run Behavior\BuildLiteBehavior [ RunTime:0.000000s ]
INFO: [ app_init ] --END-- [ RunTime:0.000000s ]
INFO: [ app_begin ] --START--
INFO: Run Behavior\ReadHtmlCacheBehavior [ RunTime:0.001000s ]
INFO: [ app_begin ] --END-- [ RunTime:0.001000s ]
INFO: [ view_parse ] --START--
INFO: [ template_filter ] --START--
INFO: Run Behavior\ContentReplaceBehavior [ RunTime:0.000000s ]
INFO: [ template_filter ] --END-- [ RunTime:0.000000s ]
INFO: Run Behavior\ParseTemplateBehavior [ RunTime:0.008000s ]
INFO: [ view_parse ] --END-- [ RunTime:0.008000s ]
INFO: [ view_filter ] --START--
INFO: Run Behavior\WriteHtmlCacheBehavior [ RunTime:0.001000s ]
INFO: [ view_filter ] --END-- [ RunTime:0.001000s ]
INFO: [ app_end ] --START--
INFO: Run Behavior\ShowPageTraceBehavior [ RunTime:0.001000s ]
INFO: [ app_end ] --END-- [ RunTime:0.002000s ]

[ 2018-01-16T17:52:07+08:00 ] 127.0.0.1 /index.php/Admin/Index/welcome
INFO: [ app_init ] --START--
INFO: Run Behavior\BuildLiteBehavior [ RunTime:0.000000s ]
INFO: [ app_init ] --END-- [ RunTime:0.000000s ]
INFO: [ app_begin ] --START--
INFO: Run Behavior\ReadHtmlCacheBehavior [ RunTime:0.001000s ]
INFO: [ app_begin ] --END-- [ RunTime:0.001000s ]
INFO: [ view_parse ] --START--
INFO: [ template_filter ] --START--
INFO: Run Behavior\ContentReplaceBehavior [ RunTime:0.000000s ]
INFO: [ template_filter ] --END-- [ RunTime:0.000000s ]
INFO: Run Behavior\ParseTemplateBehavior [ RunTime:0.008000s ]
INFO: [ view_parse ] --END-- [ RunTime:0.008000s ]
INFO: [ view_filter ] --START--
INFO: Run Behavior\WriteHtmlCacheBehavior [ RunTime:0.000000s ]
INFO: [ view_filter ] --END-- [ RunTime:0.000000s ]
INFO: [ app_end ] --START--
INFO: Run Behavior\ShowPageTraceBehavior [ RunTime:0.002000s ]
INFO: [ app_end ] --END-- [ RunTime:0.002000s ]

[ 2018-01-16T17:52:22+08:00 ] 127.0.0.1 /index.php/Admin/Basic/bannerList
INFO: [ app_init ] --START--
INFO: Run Behavior\BuildLiteBehavior [ RunTime:0.000000s ]
INFO: [ app_init ] --END-- [ RunTime:0.000000s ]
INFO: [ app_begin ] --START--
INFO: Run Behavior\ReadHtmlCacheBehavior [ RunTime:0.001000s ]
INFO: [ app_begin ] --END-- [ RunTime:0.001000s ]
SQL: SHOW COLUMNS FROM `zcxy_banner` [ RunTime:0.0060s ]
SQL: SELECT * FROM `zcxy_banner` ORDER BY orderid asc  [ RunTime:0.0000s ]
INFO: [ view_parse ] --START--
INFO: [ template_filter ] --START--
INFO: Run Behavior\ContentReplaceBehavior [ RunTime:0.000000s ]
INFO: [ template_filter ] --END-- [ RunTime:0.000000s ]
INFO: Run Behavior\ParseTemplateBehavior [ RunTime:0.015001s ]
INFO: [ view_parse ] --END-- [ RunTime:0.015001s ]
INFO: [ view_filter ] --START--
INFO: Run Behavior\WriteHtmlCacheBehavior [ RunTime:0.001000s ]
INFO: [ view_filter ] --END-- [ RunTime:0.001000s ]
INFO: [ app_end ] --START--
INFO: Run Behavior\ShowPageTraceBehavior [ RunTime:0.001000s ]
INFO: [ app_end ] --END-- [ RunTime:0.001000s ]

[ 2018-01-16T17:52:25+08:00 ] 127.0.0.1 /index.php/Admin/Basic/wordList
INFO: [ app_init ] --START--
INFO: Run Behavior\BuildLiteBehavior [ RunTime:0.000000s ]
INFO: [ app_init ] --END-- [ RunTime:0.000000s ]
INFO: [ app_begin ] --START--
INFO: Run Behavior\ReadHtmlCacheBehavior [ RunTime:0.001000s ]
INFO: [ app_begin ] --END-- [ RunTime:0.001000s ]
SQL: SHOW COLUMNS FROM `zcxy_word` [ RunTime:0.0330s ]
SQL: SELECT * FROM `zcxy_word`  [ RunTime:0.0010s ]
INFO: [ view_parse ] --START--
INFO: [ template_filter ] --START--
INFO: Run Behavior\ContentReplaceBehavior [ RunTime:0.000000s ]
INFO: [ template_filter ] --END-- [ RunTime:0.000000s ]
NOTIC: [8] Undefined variable: size D:\xampp\htdocs\ZCXYCode\Runtime\Cache\Admin\54707bf9e456de1853fbbeca00822141.php 第 36 行.
INFO: Run Behavior\ParseTemplateBehavior [ RunTime:0.010000s ]
INFO: [ view_parse ] --END-- [ RunTime:0.011000s ]
INFO: [ view_filter ] --START--
INFO: Run Behavior\WriteHtmlCacheBehavior [ RunTime:0.000000s ]
INFO: [ view_filter ] --END-- [ RunTime:0.000000s ]
INFO: [ app_end ] --START--
INFO: Run Behavior\ShowPageTraceBehavior [ RunTime:0.001000s ]
INFO: [ app_end ] --END-- [ RunTime:0.002000s ]

[ 2018-01-16T17:52:26+08:00 ] 127.0.0.1 /index.php/Admin/Basic/bannerList
INFO: [ app_init ] --START--
INFO: Run Behavior\BuildLiteBehavior [ RunTime:0.000000s ]
INFO: [ app_init ] --END-- [ RunTime:0.000000s ]
INFO: [ app_begin ] --START--
INFO: Run Behavior\ReadHtmlCacheBehavior [ RunTime:0.001000s ]
INFO: [ app_begin ] --END-- [ RunTime:0.001000s ]
SQL: SHOW COLUMNS FROM `zcxy_banner` [ RunTime:0.0080s ]
SQL: SELECT * FROM `zcxy_banner` ORDER BY orderid asc  [ RunTime:0.0000s ]
INFO: [ view_parse ] --START--
INFO: [ template_filter ] --START--
INFO: Run Behavior\ContentReplaceBehavior [ RunTime:0.000000s ]
INFO: [ template_filter ] --END-- [ RunTime:0.000000s ]
INFO: Run Behavior\ParseTemplateBehavior [ RunTime:0.009000s ]
INFO: [ view_parse ] --END-- [ RunTime:0.009000s ]
INFO: [ view_filter ] --START--
INFO: Run Behavior\WriteHtmlCacheBehavior [ RunTime:0.000000s ]
INFO: [ view_filter ] --END-- [ RunTime:0.000000s ]
INFO: [ app_end ] --START--
INFO: Run Behavior\ShowPageTraceBehavior [ RunTime:0.001001s ]
INFO: [ app_end ] --END-- [ RunTime:0.001001s ]

[ 2018-01-16T17:52:27+08:00 ] 127.0.0.1 /index.php/Admin/Basic/bannerList
INFO: [ app_init ] --START--
INFO: Run Behavior\BuildLiteBehavior [ RunTime:0.000000s ]
INFO: [ app_init ] --END-- [ RunTime:0.000000s ]
INFO: [ app_begin ] --START--
INFO: Run Behavior\ReadHtmlCacheBehavior [ RunTime:0.001000s ]
INFO: [ app_begin ] --END-- [ RunTime:0.001000s ]
SQL: SHOW COLUMNS FROM `zcxy_banner` [ RunTime:0.0060s ]
SQL: SELECT * FROM `zcxy_banner` ORDER BY orderid asc  [ RunTime:0.0000s ]
INFO: [ view_parse ] --START--
INFO: [ template_filter ] --START--
INFO: Run Behavior\ContentReplaceBehavior [ RunTime:0.000000s ]
INFO: [ template_filter ] --END-- [ RunTime:0.000000s ]
INFO: Run Behavior\ParseTemplateBehavior [ RunTime:0.008001s ]
INFO: [ view_parse ] --END-- [ RunTime:0.008001s ]
INFO: [ view_filter ] --START--
INFO: Run Behavior\WriteHtmlCacheBehavior [ RunTime:0.000000s ]
INFO: [ view_filter ] --END-- [ RunTime:0.001000s ]
INFO: [ app_end ] --START--
INFO: Run Behavior\ShowPageTraceBehavior [ RunTime:0.001000s ]
INFO: [ app_end ] --END-- [ RunTime:0.001000s ]

[ 2018-01-16T17:52:30+08:00 ] 127.0.0.1 /index.php/Admin/Basic/bannerList
INFO: [ app_init ] --START--
INFO: Run Behavior\BuildLiteBehavior [ RunTime:0.000000s ]
INFO: [ app_init ] --END-- [ RunTime:0.001000s ]
INFO: [ app_begin ] --START--
INFO: Run Behavior\ReadHtmlCacheBehavior [ RunTime:0.000000s ]
INFO: [ app_begin ] --END-- [ RunTime:0.000000s ]
SQL: SHOW COLUMNS FROM `zcxy_banner` [ RunTime:0.0050s ]
SQL: SELECT * FROM `zcxy_banner` ORDER BY orderid asc  [ RunTime:0.0010s ]
INFO: [ view_parse ] --START--
INFO: [ template_filter ] --START--
INFO: Run Behavior\ContentReplaceBehavior [ RunTime:0.000000s ]
INFO: [ template_filter ] --END-- [ RunTime:0.000000s ]
INFO: Run Behavior\ParseTemplateBehavior [ RunTime:0.008001s ]
INFO: [ view_parse ] --END-- [ RunTime:0.008001s ]
INFO: [ view_filter ] --START--
INFO: Run Behavior\WriteHtmlCacheBehavior [ RunTime:0.001000s ]
INFO: [ view_filter ] --END-- [ RunTime:0.001000s ]
INFO: [ app_end ] --START--
INFO: Run Behavior\ShowPageTraceBehavior [ RunTime:0.000000s ]
INFO: [ app_end ] --END-- [ RunTime:0.001000s ]

[ 2018-01-16T17:52:31+08:00 ] 127.0.0.1 /index.php/Admin/Basic/bannerList
INFO: [ app_init ] --START--
INFO: Run Behavior\BuildLiteBehavior [ RunTime:0.000000s ]
INFO: [ app_init ] --END-- [ RunTime:0.000000s ]
INFO: [ app_begin ] --START--
INFO: Run Behavior\ReadHtmlCacheBehavior [ RunTime:0.000000s ]
INFO: [ app_begin ] --END-- [ RunTime:0.000000s ]
SQL: SHOW COLUMNS FROM `zcxy_banner` [ RunTime:0.0060s ]
SQL: SELECT * FROM `zcxy_banner` ORDER BY orderid asc  [ RunTime:0.0000s ]
INFO: [ view_parse ] --START--
INFO: [ template_filter ] --START--
INFO: Run Behavior\ContentReplaceBehavior [ RunTime:0.000000s ]
INFO: [ template_filter ] --END-- [ RunTime:0.000000s ]
INFO: Run Behavior\ParseTemplateBehavior [ RunTime:0.007001s ]
INFO: [ view_parse ] --END-- [ RunTime:0.007001s ]
INFO: [ view_filter ] --START--
INFO: Run Behavior\WriteHtmlCacheBehavior [ RunTime:0.001000s ]
INFO: [ view_filter ] --END-- [ RunTime:0.001000s ]
INFO: [ app_end ] --START--
INFO: Run Behavior\ShowPageTraceBehavior [ RunTime:0.001000s ]
INFO: [ app_end ] --END-- [ RunTime:0.001000s ]

[ 2018-01-16T17:52:31+08:00 ] 127.0.0.1 /index.php/Admin/Basic/bannerList
INFO: [ app_init ] --START--
INFO: Run Behavior\BuildLiteBehavior [ RunTime:0.000000s ]
INFO: [ app_init ] --END-- [ RunTime:0.001000s ]
INFO: [ app_begin ] --START--
INFO: Run Behavior\ReadHtmlCacheBehavior [ RunTime:0.001000s ]
INFO: [ app_begin ] --END-- [ RunTime:0.001000s ]
SQL: SHOW COLUMNS FROM `zcxy_banner` [ RunTime:0.0060s ]
SQL: SELECT * FROM `zcxy_banner` ORDER BY orderid asc  [ RunTime:0.0010s ]
INFO: [ view_parse ] --START--
INFO: [ template_filter ] --START--
INFO: Run Behavior\ContentReplaceBehavior [ RunTime:0.001000s ]
INFO: [ template_filter ] --END-- [ RunTime:0.001000s ]
INFO: Run Behavior\ParseTemplateBehavior [ RunTime:0.007000s ]
INFO: [ view_parse ] --END-- [ RunTime:0.007000s ]
INFO: [ view_filter ] --START--
INFO: Run Behavior\WriteHtmlCacheBehavior [ RunTime:0.001000s ]
INFO: [ view_filter ] --END-- [ RunTime:0.001000s ]
INFO: [ app_end ] --START--
INFO: Run Behavior\ShowPageTraceBehavior [ RunTime:0.001000s ]
INFO: [ app_end ] --END-- [ RunTime:0.001000s ]

