[ 2017-08-23T18:18:49+08:00 ] 127.0.0.1 /
INFO: [ app_init ] --START--
INFO: Run Behavior\BuildLiteBehavior [ RunTime:0.000000s ]
INFO: [ app_init ] --END-- [ RunTime:0.099006s ]
INFO: [ app_begin ] --START--
INFO: Run Behavior\ReadHtmlCacheBehavior [ RunTime:0.003001s ]
INFO: [ app_begin ] --END-- [ RunTime:0.003001s ]
SQL: SHOW COLUMNS FROM `zcxy_word` [ RunTime:0.2430s ]
SQL: SELECT * FROM `zcxy_word`  [ RunTime:0.4160s ]
SQL: SHOW COLUMNS FROM `zcxy_banner` [ RunTime:0.3940s ]
SQL: SELECT * FROM `zcxy_banner` WHERE ( status=1 ) ORDER BY orderid asc  [ RunTime:0.0280s ]
SQL: SHOW COLUMNS FROM `zcxy_view` [ RunTime:0.0930s ]
SQL: SELECT `vied`,`time`,`title`,`class`,`indeximg` FROM `zcxy_view` WHERE ( status=1 ) ORDER BY orderid desc LIMIT 3   [ RunTime:0.0520s ]
SQL: SHOW COLUMNS FROM `zcxy_teacher` [ RunTime:0.1010s ]
SQL: SELECT * FROM `zcxy_teacher` WHERE ( status=1 ) ORDER BY orderid asc LIMIT 10   [ RunTime:0.0320s ]
INFO: [ view_parse ] --START--
INFO: [ template_filter ] --START--
INFO: Run Behavior\ContentReplaceBehavior [ RunTime:0.000000s ]
INFO: [ template_filter ] --END-- [ RunTime:0.000000s ]
INFO: Run Behavior\ParseTemplateBehavior [ RunTime:0.350020s ]
INFO: [ view_parse ] --END-- [ RunTime:0.351020s ]
INFO: [ view_filter ] --START--
INFO: Run Behavior\WriteHtmlCacheBehavior [ RunTime:0.018001s ]
INFO: [ view_filter ] --END-- [ RunTime:0.018001s ]
INFO: [ app_end ] --START--
INFO: Run Behavior\ShowPageTraceBehavior [ RunTime:0.002000s ]
INFO: [ app_end ] --END-- [ RunTime:0.002000s ]

[ 2017-08-23T18:18:49+08:00 ] 127.0.0.1 /
INFO: [ app_init ] --START--
INFO: Run Behavior\BuildLiteBehavior [ RunTime:0.000000s ]
INFO: [ app_init ] --END-- [ RunTime:0.000000s ]
INFO: [ app_begin ] --START--
INFO: Run Behavior\ReadHtmlCacheBehavior [ RunTime:0.000000s ]
INFO: [ app_begin ] --END-- [ RunTime:0.000000s ]
SQL: SHOW COLUMNS FROM `zcxy_word` [ RunTime:0.0070s ]
SQL: SELECT * FROM `zcxy_word`  [ RunTime:0.0010s ]
SQL: SHOW COLUMNS FROM `zcxy_banner` [ RunTime:0.0090s ]
SQL: SELECT * FROM `zcxy_banner` WHERE ( status=1 ) ORDER BY orderid asc  [ RunTime:0.0010s ]
SQL: SHOW COLUMNS FROM `zcxy_view` [ RunTime:0.0180s ]
SQL: SELECT `vied`,`time`,`title`,`class`,`indeximg` FROM `zcxy_view` WHERE ( status=1 ) ORDER BY orderid desc LIMIT 3   [ RunTime:0.0000s ]
SQL: SHOW COLUMNS FROM `zcxy_teacher` [ RunTime:0.0150s ]
SQL: SELECT * FROM `zcxy_teacher` WHERE ( status=1 ) ORDER BY orderid asc LIMIT 10   [ RunTime:0.0010s ]
INFO: [ view_parse ] --START--
INFO: [ template_filter ] --START--
INFO: Run Behavior\ContentReplaceBehavior [ RunTime:0.000000s ]
INFO: [ template_filter ] --END-- [ RunTime:0.000000s ]
INFO: Run Behavior\ParseTemplateBehavior [ RunTime:0.016000s ]
INFO: [ view_parse ] --END-- [ RunTime:0.016000s ]
INFO: [ view_filter ] --START--
INFO: Run Behavior\WriteHtmlCacheBehavior [ RunTime:0.001001s ]
INFO: [ view_filter ] --END-- [ RunTime:0.001001s ]
INFO: [ app_end ] --START--
INFO: Run Behavior\ShowPageTraceBehavior [ RunTime:0.001000s ]
INFO: [ app_end ] --END-- [ RunTime:0.001000s ]

[ 2017-08-23T18:18:59+08:00 ] 127.0.0.1 /
INFO: [ app_init ] --START--
INFO: Run Behavior\BuildLiteBehavior [ RunTime:0.000000s ]
INFO: [ app_init ] --END-- [ RunTime:0.001000s ]
INFO: [ app_begin ] --START--
INFO: Run Behavior\ReadHtmlCacheBehavior [ RunTime:0.001000s ]
INFO: [ app_begin ] --END-- [ RunTime:0.001000s ]
SQL: SHOW COLUMNS FROM `zcxy_word` [ RunTime:0.0170s ]
SQL: SELECT * FROM `zcxy_word`  [ RunTime:0.0010s ]
SQL: SHOW COLUMNS FROM `zcxy_banner` [ RunTime:0.0210s ]
SQL: SELECT * FROM `zcxy_banner` WHERE ( status=1 ) ORDER BY orderid asc  [ RunTime:0.0010s ]
SQL: SHOW COLUMNS FROM `zcxy_view` [ RunTime:0.0220s ]
SQL: SELECT `vied`,`time`,`title`,`class`,`indeximg` FROM `zcxy_view` WHERE ( status=1 ) ORDER BY orderid desc LIMIT 3   [ RunTime:0.0010s ]
SQL: SHOW COLUMNS FROM `zcxy_teacher` [ RunTime:0.0110s ]
SQL: SELECT * FROM `zcxy_teacher` WHERE ( status=1 ) ORDER BY orderid asc LIMIT 10   [ RunTime:0.0010s ]
INFO: [ view_parse ] --START--
INFO: [ template_filter ] --START--
INFO: Run Behavior\ContentReplaceBehavior [ RunTime:0.000000s ]
INFO: [ template_filter ] --END-- [ RunTime:0.000000s ]
INFO: Run Behavior\ParseTemplateBehavior [ RunTime:0.019001s ]
INFO: [ view_parse ] --END-- [ RunTime:0.020001s ]
INFO: [ view_filter ] --START--
INFO: Run Behavior\WriteHtmlCacheBehavior [ RunTime:0.000000s ]
INFO: [ view_filter ] --END-- [ RunTime:0.000000s ]
INFO: [ app_end ] --START--
INFO: Run Behavior\ShowPageTraceBehavior [ RunTime:0.002000s ]
INFO: [ app_end ] --END-- [ RunTime:0.002000s ]

[ 2017-08-23T18:19:09+08:00 ] 127.0.0.1 /
INFO: [ app_init ] --START--
INFO: Run Behavior\BuildLiteBehavior [ RunTime:0.000000s ]
INFO: [ app_init ] --END-- [ RunTime:0.001000s ]
INFO: [ app_begin ] --START--
INFO: Run Behavior\ReadHtmlCacheBehavior [ RunTime:0.001000s ]
INFO: [ app_begin ] --END-- [ RunTime:0.001000s ]
SQL: SHOW COLUMNS FROM `zcxy_word` [ RunTime:0.0170s ]
SQL: SELECT * FROM `zcxy_word`  [ RunTime:0.0010s ]
SQL: SHOW COLUMNS FROM `zcxy_banner` [ RunTime:0.0170s ]
SQL: SELECT * FROM `zcxy_banner` WHERE ( status=1 ) ORDER BY orderid asc  [ RunTime:0.0010s ]
SQL: SHOW COLUMNS FROM `zcxy_view` [ RunTime:0.0180s ]
SQL: SELECT `vied`,`time`,`title`,`class`,`indeximg` FROM `zcxy_view` WHERE ( status=1 ) ORDER BY orderid desc LIMIT 3   [ RunTime:0.0010s ]
SQL: SHOW COLUMNS FROM `zcxy_teacher` [ RunTime:0.0170s ]
SQL: SELECT * FROM `zcxy_teacher` WHERE ( status=1 ) ORDER BY orderid asc LIMIT 10   [ RunTime:0.0000s ]
INFO: [ view_parse ] --START--
INFO: [ template_filter ] --START--
INFO: Run Behavior\ContentReplaceBehavior [ RunTime:0.000000s ]
INFO: [ template_filter ] --END-- [ RunTime:0.000000s ]
INFO: Run Behavior\ParseTemplateBehavior [ RunTime:0.017001s ]
INFO: [ view_parse ] --END-- [ RunTime:0.017001s ]
INFO: [ view_filter ] --START--
INFO: Run Behavior\WriteHtmlCacheBehavior [ RunTime:0.001000s ]
INFO: [ view_filter ] --END-- [ RunTime:0.001000s ]
INFO: [ app_end ] --START--
INFO: Run Behavior\ShowPageTraceBehavior [ RunTime:0.001000s ]
INFO: [ app_end ] --END-- [ RunTime:0.001000s ]

