[ 2017-08-08T17:30:06+08:00 ] 127.0.0.1 /
INFO: [ app_init ] --START--
INFO: Run Behavior\BuildLiteBehavior [ RunTime:0.000000s ]
INFO: [ app_init ] --END-- [ RunTime:0.044002s ]
INFO: [ app_begin ] --START--
INFO: Run Behavior\ReadHtmlCacheBehavior [ RunTime:0.002000s ]
INFO: [ app_begin ] --END-- [ RunTime:0.003000s ]
ERR: Undefined class constant 'MYSQL_ATTR_INIT_COMMAND'

[ 2017-08-08T17:30:45+08:00 ] 127.0.0.1 /
INFO: [ app_init ] --START--
INFO: Run Behavior\BuildLiteBehavior [ RunTime:0.000000s ]
INFO: [ app_init ] --END-- [ RunTime:0.002000s ]
INFO: [ app_begin ] --START--
INFO: Run Behavior\ReadHtmlCacheBehavior [ RunTime:0.001000s ]
INFO: [ app_begin ] --END-- [ RunTime:0.001000s ]
ERR: Undefined class constant 'MYSQL_ATTR_INIT_COMMAND'

[ 2017-08-08T17:31:10+08:00 ] 127.0.0.1 /
INFO: [ app_init ] --START--
INFO: Run Behavior\BuildLiteBehavior [ RunTime:0.000000s ]
INFO: [ app_init ] --END-- [ RunTime:0.001000s ]
INFO: [ app_begin ] --START--
INFO: Run Behavior\ReadHtmlCacheBehavior [ RunTime:0.001000s ]
INFO: [ app_begin ] --END-- [ RunTime:0.001000s ]
ERR: Undefined class constant 'MYSQL_ATTR_INIT_COMMAND'

[ 2017-08-08T17:31:23+08:00 ] 127.0.0.1 /
INFO: [ app_init ] --START--
INFO: Run Behavior\BuildLiteBehavior [ RunTime:0.000000s ]
INFO: [ app_init ] --END-- [ RunTime:0.001000s ]
INFO: [ app_begin ] --START--
INFO: Run Behavior\ReadHtmlCacheBehavior [ RunTime:0.000000s ]
INFO: [ app_begin ] --END-- [ RunTime:0.000000s ]
ERR: Undefined class constant 'MYSQL_ATTR_INIT_COMMAND'

[ 2017-08-08T17:31:24+08:00 ] 127.0.0.1 /
INFO: [ app_init ] --START--
INFO: Run Behavior\BuildLiteBehavior [ RunTime:0.000000s ]
INFO: [ app_init ] --END-- [ RunTime:0.001000s ]
INFO: [ app_begin ] --START--
INFO: Run Behavior\ReadHtmlCacheBehavior [ RunTime:0.000000s ]
INFO: [ app_begin ] --END-- [ RunTime:0.000000s ]
ERR: Undefined class constant 'MYSQL_ATTR_INIT_COMMAND'

[ 2017-08-08T17:31:44+08:00 ] 127.0.0.1 /
INFO: [ app_init ] --START--
INFO: Run Behavior\BuildLiteBehavior [ RunTime:0.000000s ]
INFO: [ app_init ] --END-- [ RunTime:0.000000s ]
INFO: [ app_begin ] --START--
INFO: Run Behavior\ReadHtmlCacheBehavior [ RunTime:0.000000s ]
INFO: [ app_begin ] --END-- [ RunTime:0.001000s ]
SQL: SHOW COLUMNS FROM `zcxy_word` [ RunTime:0.0350s ]
SQL: SELECT * FROM `zcxy_word`  [ RunTime:0.0040s ]
SQL: SHOW COLUMNS FROM `zcxy_banner` [ RunTime:0.0340s ]
SQL: SELECT * FROM `zcxy_banner` WHERE ( status=1 ) ORDER BY orderid asc  [ RunTime:0.0000s ]
SQL: SHOW COLUMNS FROM `zcxy_view` [ RunTime:0.0390s ]
SQL: SELECT `vied`,`time`,`title`,`class`,`indeximg` FROM `zcxy_view` WHERE ( status=1 ) ORDER BY orderid desc LIMIT 3   [ RunTime:0.0120s ]
SQL: SHOW COLUMNS FROM `zcxy_teacher` [ RunTime:0.0370s ]
SQL: SELECT * FROM `zcxy_teacher` WHERE ( status=1 ) ORDER BY orderid asc LIMIT 10   [ RunTime:0.0190s ]
INFO: [ view_parse ] --START--
INFO: [ template_filter ] --START--
INFO: Run Behavior\ContentReplaceBehavior [ RunTime:0.000000s ]
INFO: [ template_filter ] --END-- [ RunTime:0.000000s ]
INFO: Run Behavior\ParseTemplateBehavior [ RunTime:0.052003s ]
INFO: [ view_parse ] --END-- [ RunTime:0.052003s ]
INFO: [ view_filter ] --START--
INFO: Run Behavior\WriteHtmlCacheBehavior [ RunTime:0.016001s ]
INFO: [ view_filter ] --END-- [ RunTime:0.016001s ]
INFO: [ app_end ] --START--
INFO: Run Behavior\ShowPageTraceBehavior [ RunTime:0.008001s ]
INFO: [ app_end ] --END-- [ RunTime:0.008001s ]

[ 2017-08-08T17:31:52+08:00 ] 127.0.0.1 /
INFO: [ app_init ] --START--
INFO: Run Behavior\BuildLiteBehavior [ RunTime:0.000000s ]
INFO: [ app_init ] --END-- [ RunTime:0.000000s ]
INFO: [ app_begin ] --START--
INFO: Run Behavior\ReadHtmlCacheBehavior [ RunTime:0.001000s ]
INFO: [ app_begin ] --END-- [ RunTime:0.001000s ]
SQL: SHOW COLUMNS FROM `zcxy_word` [ RunTime:0.0080s ]
SQL: SELECT * FROM `zcxy_word`  [ RunTime:0.0000s ]
SQL: SHOW COLUMNS FROM `zcxy_banner` [ RunTime:0.0060s ]
SQL: SELECT * FROM `zcxy_banner` WHERE ( status=1 ) ORDER BY orderid asc  [ RunTime:0.0020s ]
SQL: SHOW COLUMNS FROM `zcxy_view` [ RunTime:0.0040s ]
SQL: SELECT `vied`,`time`,`title`,`class`,`indeximg` FROM `zcxy_view` WHERE ( status=1 ) ORDER BY orderid desc LIMIT 3   [ RunTime:0.0000s ]
SQL: SHOW COLUMNS FROM `zcxy_teacher` [ RunTime:0.0040s ]
SQL: SELECT * FROM `zcxy_teacher` WHERE ( status=1 ) ORDER BY orderid asc LIMIT 10   [ RunTime:0.0010s ]
INFO: [ view_parse ] --START--
INFO: [ template_filter ] --START--
INFO: Run Behavior\ContentReplaceBehavior [ RunTime:0.000000s ]
INFO: [ template_filter ] --END-- [ RunTime:0.000000s ]
INFO: Run Behavior\ParseTemplateBehavior [ RunTime:0.014001s ]
INFO: [ view_parse ] --END-- [ RunTime:0.014001s ]
INFO: [ view_filter ] --START--
INFO: Run Behavior\WriteHtmlCacheBehavior [ RunTime:0.000000s ]
INFO: [ view_filter ] --END-- [ RunTime:0.000000s ]
INFO: [ app_end ] --START--
INFO: Run Behavior\ShowPageTraceBehavior [ RunTime:0.001000s ]
INFO: [ app_end ] --END-- [ RunTime:0.001000s ]

[ 2017-08-08T17:31:54+08:00 ] 127.0.0.1 /
INFO: [ app_init ] --START--
INFO: Run Behavior\BuildLiteBehavior [ RunTime:0.000000s ]
INFO: [ app_init ] --END-- [ RunTime:0.001000s ]
INFO: [ app_begin ] --START--
INFO: Run Behavior\ReadHtmlCacheBehavior [ RunTime:0.001000s ]
INFO: [ app_begin ] --END-- [ RunTime:0.001000s ]
SQL: SHOW COLUMNS FROM `zcxy_banner` [ RunTime:0.0060s ]
SQL: SELECT * FROM `zcxy_banner` WHERE ( status=1 ) ORDER BY orderid asc  [ RunTime:0.0020s ]
SQL: SHOW COLUMNS FROM `zcxy_view` [ RunTime:0.0080s ]
SQL: SELECT `vied`,`time`,`title`,`class`,`indeximg` FROM `zcxy_view` WHERE ( status=1 ) ORDER BY orderid desc LIMIT 3   [ RunTime:0.0010s ]
SQL: SHOW COLUMNS FROM `zcxy_teacher` [ RunTime:0.0060s ]
SQL: SELECT * FROM `zcxy_teacher` WHERE ( status=1 ) ORDER BY orderid asc LIMIT 10   [ RunTime:0.0010s ]
INFO: [ view_parse ] --START--
INFO: [ template_filter ] --START--
INFO: Run Behavior\ContentReplaceBehavior [ RunTime:0.000000s ]
INFO: [ template_filter ] --END-- [ RunTime:0.000000s ]
INFO: Run Behavior\ParseTemplateBehavior [ RunTime:0.017001s ]
INFO: [ view_parse ] --END-- [ RunTime:0.017001s ]
INFO: [ view_filter ] --START--
INFO: Run Behavior\WriteHtmlCacheBehavior [ RunTime:0.000000s ]
INFO: [ view_filter ] --END-- [ RunTime:0.000000s ]
INFO: [ app_end ] --START--
INFO: Run Behavior\ShowPageTraceBehavior [ RunTime:0.001000s ]
INFO: [ app_end ] --END-- [ RunTime:0.001000s ]

[ 2017-08-08T17:32:21+08:00 ] 127.0.0.1 /
INFO: [ app_init ] --START--
INFO: Run Behavior\BuildLiteBehavior [ RunTime:0.000000s ]
INFO: [ app_init ] --END-- [ RunTime:0.001001s ]
INFO: [ app_begin ] --START--
INFO: Run Behavior\ReadHtmlCacheBehavior [ RunTime:0.001000s ]
INFO: [ app_begin ] --END-- [ RunTime:0.001000s ]
SQL: SHOW COLUMNS FROM `zcxy_banner` [ RunTime:0.0070s ]
SQL: SELECT * FROM `zcxy_banner` WHERE ( status=1 ) ORDER BY orderid asc  [ RunTime:0.0020s ]
SQL: SHOW COLUMNS FROM `zcxy_view` [ RunTime:0.0080s ]
SQL: SELECT `vied`,`time`,`title`,`class`,`indeximg` FROM `zcxy_view` WHERE ( status=1 ) ORDER BY orderid desc LIMIT 3   [ RunTime:0.0010s ]
SQL: SHOW COLUMNS FROM `zcxy_teacher` [ RunTime:0.0050s ]
SQL: SELECT * FROM `zcxy_teacher` WHERE ( status=1 ) ORDER BY orderid asc LIMIT 10   [ RunTime:0.0000s ]
INFO: [ view_parse ] --START--
INFO: [ template_filter ] --START--
INFO: Run Behavior\ContentReplaceBehavior [ RunTime:0.000000s ]
INFO: [ template_filter ] --END-- [ RunTime:0.001000s ]
INFO: Run Behavior\ParseTemplateBehavior [ RunTime:0.014001s ]
INFO: [ view_parse ] --END-- [ RunTime:0.014001s ]
INFO: [ view_filter ] --START--
INFO: Run Behavior\WriteHtmlCacheBehavior [ RunTime:0.001000s ]
INFO: [ view_filter ] --END-- [ RunTime:0.001000s ]
INFO: [ app_end ] --START--
INFO: Run Behavior\ShowPageTraceBehavior [ RunTime:0.001000s ]
INFO: [ app_end ] --END-- [ RunTime:0.001000s ]

