[ 2017-08-24T12:07:14+08:00 ] 127.0.0.1 /
INFO: [ app_init ] --START--
INFO: Run Behavior\BuildLiteBehavior [ RunTime:0.000000s ]
INFO: [ app_init ] --END-- [ RunTime:0.001000s ]
INFO: [ app_begin ] --START--
INFO: Run Behavior\ReadHtmlCacheBehavior [ RunTime:0.001000s ]
INFO: [ app_begin ] --END-- [ RunTime:0.001000s ]
SQL: SHOW COLUMNS FROM `zcxy_word` [ RunTime:0.0280s ]
SQL: SELECT * FROM `zcxy_word`  [ RunTime:0.0050s ]
SQL: SHOW COLUMNS FROM `zcxy_banner` [ RunTime:0.0350s ]
SQL: SELECT * FROM `zcxy_banner` WHERE ( status=1 ) ORDER BY orderid asc  [ RunTime:0.0000s ]
SQL: SHOW COLUMNS FROM `zcxy_view` [ RunTime:0.0300s ]
SQL: SELECT `vied`,`time`,`title`,`class`,`indeximg` FROM `zcxy_view` WHERE ( status=1 ) ORDER BY orderid desc LIMIT 3   [ RunTime:0.0220s ]
SQL: SHOW COLUMNS FROM `zcxy_teacher` [ RunTime:0.0270s ]
SQL: SELECT * FROM `zcxy_teacher` WHERE ( status=1 ) ORDER BY orderid asc LIMIT 10   [ RunTime:0.0130s ]
INFO: [ view_parse ] --START--
INFO: [ template_filter ] --START--
INFO: Run Behavior\ContentReplaceBehavior [ RunTime:0.000000s ]
INFO: [ template_filter ] --END-- [ RunTime:0.000000s ]
INFO: Run Behavior\ParseTemplateBehavior [ RunTime:0.049003s ]
INFO: [ view_parse ] --END-- [ RunTime:0.049003s ]
INFO: [ view_filter ] --START--
INFO: Run Behavior\WriteHtmlCacheBehavior [ RunTime:0.001000s ]
INFO: [ view_filter ] --END-- [ RunTime:0.001000s ]
INFO: [ app_end ] --START--
INFO: Run Behavior\ShowPageTraceBehavior [ RunTime:0.001000s ]
INFO: [ app_end ] --END-- [ RunTime:0.001000s ]

[ 2017-08-24T12:07:15+08:00 ] 127.0.0.1 /index.php/Index/Case/cases
INFO: [ app_init ] --START--
INFO: Run Behavior\BuildLiteBehavior [ RunTime:0.000000s ]
INFO: [ app_init ] --END-- [ RunTime:0.000000s ]
INFO: [ app_begin ] --START--
INFO: Run Behavior\ReadHtmlCacheBehavior [ RunTime:0.000000s ]
INFO: [ app_begin ] --END-- [ RunTime:0.000000s ]
SQL: SHOW COLUMNS FROM `zcxy_case` [ RunTime:0.0150s ]
SQL: SELECT * FROM `zcxy_case` WHERE ( status=1 ) ORDER BY orderid desc LIMIT 0,9   [ RunTime:0.0020s ]
SQL: SELECT COUNT(*) AS tp_count FROM `zcxy_case` WHERE ( status=1 ) LIMIT 1   [ RunTime:0.0010s ]
INFO: [ view_parse ] --START--
INFO: [ template_filter ] --START--
INFO: Run Behavior\ContentReplaceBehavior [ RunTime:0.000000s ]
INFO: [ template_filter ] --END-- [ RunTime:0.000000s ]
INFO: Run Behavior\ParseTemplateBehavior [ RunTime:0.018001s ]
INFO: [ view_parse ] --END-- [ RunTime:0.019001s ]
INFO: [ view_filter ] --START--
INFO: Run Behavior\WriteHtmlCacheBehavior [ RunTime:0.000000s ]
INFO: [ view_filter ] --END-- [ RunTime:0.000000s ]
INFO: [ app_end ] --START--
INFO: Run Behavior\ShowPageTraceBehavior [ RunTime:0.001000s ]
INFO: [ app_end ] --END-- [ RunTime:0.001000s ]

[ 2017-08-24T12:07:17+08:00 ] 127.0.0.1 /index.php/Index/Case/detail?caid=21
INFO: [ app_init ] --START--
INFO: Run Behavior\BuildLiteBehavior [ RunTime:0.000000s ]
INFO: [ app_init ] --END-- [ RunTime:0.000000s ]
INFO: [ app_begin ] --START--
INFO: Run Behavior\ReadHtmlCacheBehavior [ RunTime:0.001000s ]
INFO: [ app_begin ] --END-- [ RunTime:0.001000s ]
SQL: SHOW COLUMNS FROM `zcxy_case` [ RunTime:0.0150s ]
SQL: SELECT * FROM `zcxy_case` WHERE ( caid=21 ) LIMIT 1   [ RunTime:0.0000s ]
SQL: SELECT `caid`,`title`,`time` FROM `zcxy_case` WHERE ( status=1 and caid!=21 ) ORDER BY rand() LIMIT 8   [ RunTime:0.0020s ]
INFO: [ view_parse ] --START--
INFO: [ template_filter ] --START--
INFO: Run Behavior\ContentReplaceBehavior [ RunTime:0.000000s ]
INFO: [ template_filter ] --END-- [ RunTime:0.001000s ]
INFO: Run Behavior\ParseTemplateBehavior [ RunTime:0.012001s ]
INFO: [ view_parse ] --END-- [ RunTime:0.012001s ]
INFO: [ view_filter ] --START--
INFO: Run Behavior\WriteHtmlCacheBehavior [ RunTime:0.001000s ]
INFO: [ view_filter ] --END-- [ RunTime:0.001000s ]
INFO: [ app_end ] --START--
INFO: Run Behavior\ShowPageTraceBehavior [ RunTime:0.000000s ]
INFO: [ app_end ] --END-- [ RunTime:0.000000s ]

