[ 2017-09-21T16:51:07+08:00 ] 127.0.0.1 /
INFO: [ app_init ] --START--
INFO: Run Behavior\BuildLiteBehavior [ RunTime:0.000000s ]
INFO: [ app_init ] --END-- [ RunTime:0.000000s ]
INFO: [ app_begin ] --START--
INFO: Run Behavior\ReadHtmlCacheBehavior [ RunTime:0.001000s ]
INFO: [ app_begin ] --END-- [ RunTime:0.001000s ]
SQL: SHOW COLUMNS FROM `zcxy_word` [ RunTime:0.0210s ]
SQL: SELECT * FROM `zcxy_word`  [ RunTime:0.0060s ]
SQL: SHOW COLUMNS FROM `zcxy_banner` [ RunTime:0.0190s ]
SQL: SELECT * FROM `zcxy_banner` WHERE ( status=1 ) ORDER BY orderid asc  [ RunTime:0.0010s ]
SQL: SHOW COLUMNS FROM `zcxy_view` [ RunTime:0.0050s ]
SQL: SELECT `vied`,`time`,`title`,`class`,`indeximg` FROM `zcxy_view` WHERE ( status=1 ) ORDER BY orderid desc LIMIT 3   [ RunTime:0.0010s ]
SQL: SHOW COLUMNS FROM `zcxy_teacher` [ RunTime:0.0210s ]
SQL: SELECT * FROM `zcxy_teacher` WHERE ( status=1 ) ORDER BY orderid asc LIMIT 10   [ RunTime:0.0130s ]
INFO: [ view_parse ] --START--
INFO: [ template_filter ] --START--
INFO: Run Behavior\ContentReplaceBehavior [ RunTime:0.001000s ]
INFO: [ template_filter ] --END-- [ RunTime:0.001000s ]
INFO: Run Behavior\ParseTemplateBehavior [ RunTime:0.043002s ]
INFO: [ view_parse ] --END-- [ RunTime:0.043002s ]
INFO: [ view_filter ] --START--
INFO: Run Behavior\WriteHtmlCacheBehavior [ RunTime:0.001000s ]
INFO: [ view_filter ] --END-- [ RunTime:0.001000s ]
INFO: [ app_end ] --START--
INFO: Run Behavior\ShowPageTraceBehavior [ RunTime:0.001000s ]
INFO: [ app_end ] --END-- [ RunTime:0.001000s ]

[ 2017-09-21T16:51:10+08:00 ] 127.0.0.1 /index.php/Index/Case/cases
INFO: [ app_init ] --START--
INFO: Run Behavior\BuildLiteBehavior [ RunTime:0.000000s ]
INFO: [ app_init ] --END-- [ RunTime:0.001000s ]
INFO: [ app_begin ] --START--
INFO: Run Behavior\ReadHtmlCacheBehavior [ RunTime:0.001000s ]
INFO: [ app_begin ] --END-- [ RunTime:0.001000s ]
SQL: SHOW COLUMNS FROM `zcxy_case` [ RunTime:0.0050s ]
SQL: SELECT * FROM `zcxy_case` WHERE ( status=1 ) ORDER BY orderid desc LIMIT 0,9   [ RunTime:0.0010s ]
SQL: SELECT COUNT(*) AS tp_count FROM `zcxy_case` WHERE ( status=1 ) LIMIT 1   [ RunTime:0.0350s ]
INFO: [ view_parse ] --START--
INFO: [ template_filter ] --START--
INFO: Run Behavior\ContentReplaceBehavior [ RunTime:0.000000s ]
INFO: [ template_filter ] --END-- [ RunTime:0.000000s ]
INFO: Run Behavior\ParseTemplateBehavior [ RunTime:0.016001s ]
INFO: [ view_parse ] --END-- [ RunTime:0.016001s ]
INFO: [ view_filter ] --START--
INFO: Run Behavior\WriteHtmlCacheBehavior [ RunTime:0.000000s ]
INFO: [ view_filter ] --END-- [ RunTime:0.000000s ]
INFO: [ app_end ] --START--
INFO: Run Behavior\ShowPageTraceBehavior [ RunTime:0.002000s ]
INFO: [ app_end ] --END-- [ RunTime:0.002000s ]

[ 2017-09-21T16:51:11+08:00 ] 127.0.0.1 /index.php/Index/View/views
INFO: [ app_init ] --START--
INFO: Run Behavior\BuildLiteBehavior [ RunTime:0.000000s ]
INFO: [ app_init ] --END-- [ RunTime:0.000000s ]
INFO: [ app_begin ] --START--
INFO: Run Behavior\ReadHtmlCacheBehavior [ RunTime:0.001000s ]
INFO: [ app_begin ] --END-- [ RunTime:0.001000s ]
SQL: SHOW COLUMNS FROM `zcxy_view` [ RunTime:0.0050s ]
SQL: SELECT * FROM `zcxy_view` WHERE ( status=1 ) ORDER BY vied desc LIMIT 0,10   [ RunTime:0.0020s ]
SQL: SELECT COUNT(*) AS tp_count FROM `zcxy_view` WHERE ( status=1 ) LIMIT 1   [ RunTime:0.0000s ]
SQL: SELECT `vied`,`title`,`time`,`thumbimg` FROM `zcxy_view` WHERE ( status=1 ) ORDER BY rand() LIMIT 5   [ RunTime:0.0140s ]
INFO: [ view_parse ] --START--
INFO: [ template_filter ] --START--
INFO: Run Behavior\ContentReplaceBehavior [ RunTime:0.000000s ]
INFO: [ template_filter ] --END-- [ RunTime:0.000000s ]
INFO: Run Behavior\ParseTemplateBehavior [ RunTime:0.023001s ]
INFO: [ view_parse ] --END-- [ RunTime:0.023001s ]
INFO: [ view_filter ] --START--
INFO: Run Behavior\WriteHtmlCacheBehavior [ RunTime:0.000000s ]
INFO: [ view_filter ] --END-- [ RunTime:0.000000s ]
INFO: [ app_end ] --START--
INFO: Run Behavior\ShowPageTraceBehavior [ RunTime:0.001000s ]
INFO: [ app_end ] --END-- [ RunTime:0.001000s ]

[ 2017-09-21T16:51:15+08:00 ] 127.0.0.1 /index.php/Index/View/group?class=1
INFO: [ app_init ] --START--
INFO: Run Behavior\BuildLiteBehavior [ RunTime:0.000000s ]
INFO: [ app_init ] --END-- [ RunTime:0.001000s ]
INFO: [ app_begin ] --START--
INFO: Run Behavior\ReadHtmlCacheBehavior [ RunTime:0.001000s ]
INFO: [ app_begin ] --END-- [ RunTime:0.001000s ]
SQL: SHOW COLUMNS FROM `zcxy_view` [ RunTime:0.0060s ]
SQL: SELECT * FROM `zcxy_view` WHERE ( status=1 and class=1 ) ORDER BY vied desc  [ RunTime:0.0040s ]

[ 2017-09-21T16:51:16+08:00 ] 127.0.0.1 /index.php/Index/View/group?class=2
INFO: [ app_init ] --START--
INFO: Run Behavior\BuildLiteBehavior [ RunTime:0.000000s ]
INFO: [ app_init ] --END-- [ RunTime:0.001000s ]
INFO: [ app_begin ] --START--
INFO: Run Behavior\ReadHtmlCacheBehavior [ RunTime:0.001000s ]
INFO: [ app_begin ] --END-- [ RunTime:0.001000s ]
SQL: SHOW COLUMNS FROM `zcxy_view` [ RunTime:0.0050s ]
SQL: SELECT * FROM `zcxy_view` WHERE ( status=1 and class=2 ) ORDER BY vied desc  [ RunTime:0.0010s ]

[ 2017-09-21T16:51:17+08:00 ] 127.0.0.1 /index.php/Index/View/group?class=3
INFO: [ app_init ] --START--
INFO: Run Behavior\BuildLiteBehavior [ RunTime:0.000000s ]
INFO: [ app_init ] --END-- [ RunTime:0.001000s ]
INFO: [ app_begin ] --START--
INFO: Run Behavior\ReadHtmlCacheBehavior [ RunTime:0.002000s ]
INFO: [ app_begin ] --END-- [ RunTime:0.002000s ]
SQL: SHOW COLUMNS FROM `zcxy_view` [ RunTime:0.0050s ]
SQL: SELECT * FROM `zcxy_view` WHERE ( status=1 and class=3 ) ORDER BY vied desc  [ RunTime:0.0020s ]

[ 2017-09-21T16:51:39+08:00 ] 127.0.0.1 /index.php/Index/View/more
INFO: [ app_init ] --START--
INFO: Run Behavior\BuildLiteBehavior [ RunTime:0.000000s ]
INFO: [ app_init ] --END-- [ RunTime:0.001000s ]
INFO: [ app_begin ] --START--
INFO: Run Behavior\ReadHtmlCacheBehavior [ RunTime:0.001000s ]
INFO: [ app_begin ] --END-- [ RunTime:0.001000s ]
SQL: SHOW COLUMNS FROM `zcxy_view` [ RunTime:0.0090s ]
SQL: SELECT COUNT(*) AS tp_count FROM `zcxy_view` WHERE ( status=1 ) LIMIT 1   [ RunTime:0.0010s ]
SQL: SELECT * FROM `zcxy_view` WHERE ( status=1 ) ORDER BY vied desc LIMIT 10,10   [ RunTime:0.0030s ]

[ 2017-09-21T16:51:39+08:00 ] 127.0.0.1 /index.php/Index/View/more
INFO: [ app_init ] --START--
INFO: Run Behavior\BuildLiteBehavior [ RunTime:0.000000s ]
INFO: [ app_init ] --END-- [ RunTime:0.000000s ]
INFO: [ app_begin ] --START--
INFO: Run Behavior\ReadHtmlCacheBehavior [ RunTime:0.002000s ]
INFO: [ app_begin ] --END-- [ RunTime:0.002000s ]
SQL: SHOW COLUMNS FROM `zcxy_view` [ RunTime:0.0080s ]
SQL: SELECT COUNT(*) AS tp_count FROM `zcxy_view` WHERE ( status=1 ) LIMIT 1   [ RunTime:0.0020s ]
SQL: SELECT * FROM `zcxy_view` WHERE ( status=1 ) ORDER BY vied desc LIMIT 20,10   [ RunTime:0.0040s ]

