[ 2017-11-14T10:58:40+08:00 ] 127.0.0.1 /
INFO: [ app_init ] --START--
INFO: Run Behavior\BuildLiteBehavior [ RunTime:0.000000s ]
INFO: [ app_init ] --END-- [ RunTime:0.015600s ]
INFO: [ app_begin ] --START--
INFO: Run Behavior\ReadHtmlCacheBehavior [ RunTime:0.000000s ]
INFO: [ app_begin ] --END-- [ RunTime:0.000000s ]
SQL: SHOW COLUMNS FROM `zcxy_word` [ RunTime:0.0624s ]
SQL: SELECT * FROM `zcxy_word`  [ RunTime:0.0342s ]
SQL: SHOW COLUMNS FROM `zcxy_banner` [ RunTime:0.0460s ]
SQL: SELECT * FROM `zcxy_banner` WHERE ( status=1 ) ORDER BY orderid asc  [ RunTime:0.0000s ]
SQL: SHOW COLUMNS FROM `zcxy_view` [ RunTime:0.0600s ]
SQL: SELECT `vied`,`time`,`title`,`class`,`indeximg` FROM `zcxy_view` WHERE ( status=1 ) ORDER BY orderid desc LIMIT 3   [ RunTime:0.1200s ]
SQL: SHOW COLUMNS FROM `zcxy_teacher` [ RunTime:0.0700s ]
SQL: SELECT * FROM `zcxy_teacher` WHERE ( status=1 ) ORDER BY orderid asc LIMIT 10   [ RunTime:0.0400s ]
INFO: [ view_parse ] --START--
INFO: [ template_filter ] --START--
INFO: Run Behavior\ContentReplaceBehavior [ RunTime:0.000000s ]
INFO: [ template_filter ] --END-- [ RunTime:0.000000s ]
INFO: Run Behavior\ParseTemplateBehavior [ RunTime:0.430001s ]
INFO: [ view_parse ] --END-- [ RunTime:0.430001s ]
INFO: [ view_filter ] --START--
INFO: Run Behavior\WriteHtmlCacheBehavior [ RunTime:0.030000s ]
INFO: [ view_filter ] --END-- [ RunTime:0.030000s ]
INFO: [ app_end ] --START--
INFO: Run Behavior\ShowPageTraceBehavior [ RunTime:0.000000s ]
INFO: [ app_end ] --END-- [ RunTime:0.000000s ]

[ 2017-11-14T18:00:22+08:00 ] 127.0.0.1 /
INFO: [ app_init ] --START--
INFO: Run Behavior\BuildLiteBehavior [ RunTime:0.000000s ]
INFO: [ app_init ] --END-- [ RunTime:0.002001s ]
INFO: [ app_begin ] --START--
INFO: Run Behavior\ReadHtmlCacheBehavior [ RunTime:0.001000s ]
INFO: [ app_begin ] --END-- [ RunTime:0.001000s ]
SQL: SHOW COLUMNS FROM `zcxy_word` [ RunTime:0.0860s ]
SQL: SELECT * FROM `zcxy_word`  [ RunTime:0.0210s ]
SQL: SHOW COLUMNS FROM `zcxy_banner` [ RunTime:0.0420s ]
SQL: SELECT * FROM `zcxy_banner` WHERE ( status=1 ) ORDER BY orderid asc  [ RunTime:0.0010s ]
SQL: SHOW COLUMNS FROM `zcxy_view` [ RunTime:0.0380s ]
SQL: SELECT `vied`,`time`,`title`,`class`,`indeximg` FROM `zcxy_view` WHERE ( status=1 ) ORDER BY orderid desc LIMIT 3   [ RunTime:0.0170s ]
SQL: SHOW COLUMNS FROM `zcxy_teacher` [ RunTime:0.0410s ]
SQL: SELECT * FROM `zcxy_teacher` WHERE ( status=1 ) ORDER BY orderid asc LIMIT 10   [ RunTime:0.0250s ]
INFO: [ view_parse ] --START--
INFO: [ template_filter ] --START--
INFO: Run Behavior\ContentReplaceBehavior [ RunTime:0.000000s ]
INFO: [ template_filter ] --END-- [ RunTime:0.000000s ]
INFO: Run Behavior\ParseTemplateBehavior [ RunTime:0.136008s ]
INFO: [ view_parse ] --END-- [ RunTime:0.136008s ]
INFO: [ view_filter ] --START--
INFO: Run Behavior\WriteHtmlCacheBehavior [ RunTime:0.039002s ]
INFO: [ view_filter ] --END-- [ RunTime:0.039002s ]
INFO: [ app_end ] --START--
INFO: Run Behavior\ShowPageTraceBehavior [ RunTime:0.003000s ]
INFO: [ app_end ] --END-- [ RunTime:0.003000s ]

